Release 14.7 - xst P.20131013 (nt64)
Copyright (c) 1995-2013 Xilinx, Inc.  All rights reserved.
--> Parameter TMPDIR set to xst/projnav.tmp


Total REAL time to Xst completion: 0.00 secs
Total CPU time to Xst completion: 0.15 secs
 
--> Parameter xsthdpdir set to xst


Total REAL time to Xst completion: 0.00 secs
Total CPU time to Xst completion: 0.15 secs
 
--> Reading design: Top.prj

TABLE OF CONTENTS
  1) Synthesis Options Summary
  2) HDL Parsing
  3) HDL Elaboration
  4) HDL Synthesis
       4.1) HDL Synthesis Report
  5) Advanced HDL Synthesis
       5.1) Advanced HDL Synthesis Report
  6) Low Level Synthesis
  7) Partition Report
  8) Design Summary
       8.1) Primitive and Black Box Usage
       8.2) Device utilization summary
       8.3) Partition Resource Summary
       8.4) Timing Report
            8.4.1) Clock Information
            8.4.2) Asynchronous Control Signals Information
            8.4.3) Timing Summary
            8.4.4) Timing Details
            8.4.5) Cross Clock Domains Report


=========================================================================
*                      Synthesis Options Summary                        *
=========================================================================
---- Source Parameters
Input File Name                    : "Top.prj"
Ignore Synthesis Constraint File   : NO

---- Target Parameters
Output File Name                   : "Top"
Output Format                      : NGC
Target Device                      : xc7k160t-1-fbg676

---- Source Options
Top Module Name                    : Top
Automatic FSM Extraction           : YES
FSM Encoding Algorithm             : Auto
Safe Implementation                : No
FSM Style                          : LUT
RAM Extraction                     : Yes
RAM Style                          : Auto
ROM Extraction                     : Yes
Shift Register Extraction          : YES
ROM Style                          : Auto
Resource Sharing                   : YES
Asynchronous To Synchronous        : NO
Shift Register Minimum Size        : 2
Use DSP Block                      : Auto
Automatic Register Balancing       : No

---- Target Options
LUT Combining                      : Auto
Reduce Control Sets                : Auto
Add IO Buffers                     : YES
Global Maximum Fanout              : 100000
Add Generic Clock Buffer(BUFG)     : 32
Register Duplication               : YES
Optimize Instantiated Primitives   : NO
Use Clock Enable                   : Auto
Use Synchronous Set                : Auto
Use Synchronous Reset              : Auto
Pack IO Registers into IOBs        : Auto
Equivalent register Removal        : YES

---- General Options
Optimization Goal                  : Speed
Optimization Effort                : 1
Power Reduction                    : NO
Keep Hierarchy                     : No
Netlist Hierarchy                  : As_Optimized
RTL Output                         : Yes
Global Optimization                : AllClockNets
Read Cores                         : YES
Write Timing Constraints           : NO
Cross Clock Analysis               : NO
Hierarchy Separator                : /
Bus Delimiter                      : <>
Case Specifier                     : Maintain
Slice Utilization Ratio            : 100
BRAM Utilization Ratio             : 100
DSP48 Utilization Ratio            : 100
Auto BRAM Packing                  : NO
Slice Utilization Ratio Delta      : 5

=========================================================================


=========================================================================
*                          HDL Parsing                                  *
=========================================================================
Analyzing Verilog file "E:\3180105388\lab 8\MyALU\Adder1b.vf" into library work
Parsing module <Adder1b>.
Analyzing Verilog file "E:\3180105388\lab 8\MyALU\Mux4to14b.vf" into library work
Parsing module <Mux4to14b>.
Analyzing Verilog file "E:\3180105388\lab 8\MyALU\Mux4to1.vf" into library work
Parsing module <Mux4to1>.
Analyzing Verilog file "E:\3180105388\lab 8\MyALU\AddSub1b.vf" into library work
Parsing module <Adder1b_MUSER_AddSub1b>.
Parsing module <AddSub1b>.
Analyzing Verilog file "E:\3180105388\lab 8\MyALU\myOr2b4.vf" into library work
Parsing module <myOr2b4>.
Analyzing Verilog file "E:\3180105388\lab 8\MyALU\MyMC14495.vf" into library work
Parsing module <MyMC14495>.
Analyzing Verilog file "E:\3180105388\lab 8\MyALU\myAnd2b4.vf" into library work
Parsing module <myAnd2b4>.
Analyzing Verilog file "E:\3180105388\lab 8\MyALU\DisplaySync.vf" into library work
Parsing module <INV4_HXILINX_DisplaySync>.
Parsing module <D2_4E_HXILINX_DisplaySync>.
Parsing module <Mux4to1_MUSER_DisplaySync>.
Parsing module <Mux4to14b_MUSER_DisplaySync>.
Parsing module <DisplaySync>.
Analyzing Verilog file "E:\3180105388\lab 8\MyALU\clkdiv.v" into library work
Parsing module <clkdiv>.
Analyzing Verilog file "E:\3180105388\lab 8\MyALU\AddSub4b.vf" into library work
Parsing module <Adder1b_MUSER_AddSub4b>.
Parsing module <AddSub1b_MUSER_AddSub4b>.
Parsing module <AddSub4b>.
Analyzing Verilog file "E:\3180105388\lab 8\MyALU\pbdebounce.v" into library work
Parsing module <pbdebounce>.
Analyzing Verilog file "E:\3180105388\lab 8\MyALU\myALU.vf" into library work
Parsing module <myOr2b4_MUSER_myALU>.
Parsing module <myAnd2b4_MUSER_myALU>.
Parsing module <Mux4to1_MUSER_myALU>.
Parsing module <Mux4to14b_MUSER_myALU>.
Parsing module <Adder1b_MUSER_myALU>.
Parsing module <AddSub1b_MUSER_myALU>.
Parsing module <AddSub4b_MUSER_myALU>.
Parsing module <myALU>.
Analyzing Verilog file "E:\3180105388\lab 8\MyALU\DispNum.vf" into library work
Parsing module <INV4_HXILINX_DispNum>.
Parsing module <D2_4E_HXILINX_DispNum>.
Parsing module <MyMC14495_MUSER_DispNum>.
Parsing module <Mux4to1_MUSER_DispNum>.
Parsing module <Mux4to14b_MUSER_DispNum>.
Parsing module <DisplaySync_MUSER_DispNum>.
Parsing module <DispNum>.
Analyzing Verilog file "E:\3180105388\lab 8\MyALU\CreateNumber.v" into library work
Parsing module <CreateNumber>.
Analyzing Verilog file "E:\3180105388\lab 8\MyALU\Top.v" into library work
Parsing module <Top>.

=========================================================================
*                            HDL Elaboration                            *
=========================================================================

Elaborating module <Top>.

Elaborating module <pbdebounce>.

Elaborating module <clkdiv>.
WARNING:HDLCompiler:1016 - "E:\3180105388\lab 8\MyALU\CreateNumber.v" Line 30: Port Co is not connected to this instance
WARNING:HDLCompiler:1016 - "E:\3180105388\lab 8\MyALU\CreateNumber.v" Line 31: Port Co is not connected to this instance
WARNING:HDLCompiler:1016 - "E:\3180105388\lab 8\MyALU\CreateNumber.v" Line 32: Port Co is not connected to this instance
WARNING:HDLCompiler:1016 - "E:\3180105388\lab 8\MyALU\CreateNumber.v" Line 33: Port Co is not connected to this instance

Elaborating module <CreateNumber>.

Elaborating module <AddSub4b>.

Elaborating module <AddSub1b_MUSER_AddSub4b>.

Elaborating module <Adder1b_MUSER_AddSub4b>.

Elaborating module <XOR2>.

Elaborating module <AND2>.

Elaborating module <OR3>.

Elaborating module <myALU>.

Elaborating module <AddSub4b_MUSER_myALU>.

Elaborating module <AddSub1b_MUSER_myALU>.

Elaborating module <Adder1b_MUSER_myALU>.

Elaborating module <Mux4to14b_MUSER_myALU>.

Elaborating module <INV>.

Elaborating module <OR4>.

Elaborating module <Mux4to1_MUSER_myALU>.

Elaborating module <myAnd2b4_MUSER_myALU>.

Elaborating module <myOr2b4_MUSER_myALU>.

Elaborating module <OR2>.

Elaborating module <GND>.

Elaborating module <DispNum>.

Elaborating module <DisplaySync_MUSER_DispNum>.

Elaborating module <Mux4to14b_MUSER_DispNum>.

Elaborating module <Mux4to1_MUSER_DispNum>.

Elaborating module <D2_4E_HXILINX_DispNum>.

Elaborating module <VCC>.

Elaborating module <INV4_HXILINX_DispNum>.

Elaborating module <MyMC14495_MUSER_DispNum>.

Elaborating module <AND4>.

Elaborating module <AND3>.

=========================================================================
*                           HDL Synthesis                               *
=========================================================================

Synthesizing Unit <Top>.
    Related source file is "E:\3180105388\lab 8\MyALU\Top.v".
    Summary:
	no macro.
Unit <Top> synthesized.

Synthesizing Unit <pbdebounce>.
    Related source file is "E:\3180105388\lab 8\MyALU\pbdebounce.v".
    Found 1-bit register for signal <pbreg>.
    Found 7-bit register for signal <pbshift<6:0>>.
    Summary:
	inferred   8 D-type flip-flop(s).
Unit <pbdebounce> synthesized.

Synthesizing Unit <clkdiv>.
    Related source file is "E:\3180105388\lab 8\MyALU\clkdiv.v".
    Found 32-bit register for signal <clkdiv>.
    Found 32-bit adder for signal <clkdiv[31]_GND_3_o_add_0_OUT> created at line 29.
    Summary:
	inferred   1 Adder/Subtractor(s).
	inferred  32 D-type flip-flop(s).
Unit <clkdiv> synthesized.

Synthesizing Unit <CreateNumber>.
    Related source file is "E:\3180105388\lab 8\MyALU\CreateNumber.v".
INFO:Xst:3210 - "E:\3180105388\lab 8\MyALU\CreateNumber.v" line 30: Output port <Co> of the instance <a1> is unconnected or connected to loadless signal.
INFO:Xst:3210 - "E:\3180105388\lab 8\MyALU\CreateNumber.v" line 31: Output port <Co> of the instance <a2> is unconnected or connected to loadless signal.
INFO:Xst:3210 - "E:\3180105388\lab 8\MyALU\CreateNumber.v" line 32: Output port <Co> of the instance <a3> is unconnected or connected to loadless signal.
INFO:Xst:3210 - "E:\3180105388\lab 8\MyALU\CreateNumber.v" line 33: Output port <Co> of the instance <a4> is unconnected or connected to loadless signal.
    Found 1-bit register for signal <num<2>>.
    Found 1-bit register for signal <num<1>>.
    Found 1-bit register for signal <num<0>>.
    Found 1-bit register for signal <num<7>>.
    Found 1-bit register for signal <num<6>>.
    Found 1-bit register for signal <num<5>>.
    Found 1-bit register for signal <num<4>>.
    Found 1-bit register for signal <num<11>>.
    Found 1-bit register for signal <num<10>>.
    Found 1-bit register for signal <num<9>>.
    Found 1-bit register for signal <num<8>>.
    Found 1-bit register for signal <num<15>>.
    Found 1-bit register for signal <num<14>>.
    Found 1-bit register for signal <num<13>>.
    Found 1-bit register for signal <num<12>>.
    Found 1-bit register for signal <num<3>>.
    Summary:
	inferred  16 D-type flip-flop(s).
Unit <CreateNumber> synthesized.

Synthesizing Unit <AddSub4b>.
    Related source file is "E:\3180105388\lab 8\MyALU\AddSub4b.vf".
    Summary:
	no macro.
Unit <AddSub4b> synthesized.

Synthesizing Unit <AddSub1b_MUSER_AddSub4b>.
    Related source file is "E:\3180105388\lab 8\MyALU\AddSub4b.vf".
    Summary:
	no macro.
Unit <AddSub1b_MUSER_AddSub4b> synthesized.

Synthesizing Unit <Adder1b_MUSER_AddSub4b>.
    Related source file is "E:\3180105388\lab 8\MyALU\AddSub4b.vf".
    Summary:
	no macro.
Unit <Adder1b_MUSER_AddSub4b> synthesized.

Synthesizing Unit <myALU>.
    Related source file is "E:\3180105388\lab 8\MyALU\myALU.vf".
    Summary:
	no macro.
Unit <myALU> synthesized.

Synthesizing Unit <AddSub4b_MUSER_myALU>.
    Related source file is "E:\3180105388\lab 8\MyALU\myALU.vf".
    Summary:
	no macro.
Unit <AddSub4b_MUSER_myALU> synthesized.

Synthesizing Unit <AddSub1b_MUSER_myALU>.
    Related source file is "E:\3180105388\lab 8\MyALU\myALU.vf".
    Summary:
	no macro.
Unit <AddSub1b_MUSER_myALU> synthesized.

Synthesizing Unit <Adder1b_MUSER_myALU>.
    Related source file is "E:\3180105388\lab 8\MyALU\myALU.vf".
    Summary:
	no macro.
Unit <Adder1b_MUSER_myALU> synthesized.

Synthesizing Unit <Mux4to14b_MUSER_myALU>.
    Related source file is "E:\3180105388\lab 8\MyALU\myALU.vf".
    Summary:
	no macro.
Unit <Mux4to14b_MUSER_myALU> synthesized.

Synthesizing Unit <Mux4to1_MUSER_myALU>.
    Related source file is "E:\3180105388\lab 8\MyALU\myALU.vf".
    Summary:
	no macro.
Unit <Mux4to1_MUSER_myALU> synthesized.

Synthesizing Unit <myAnd2b4_MUSER_myALU>.
    Related source file is "E:\3180105388\lab 8\MyALU\myALU.vf".
    Summary:
	no macro.
Unit <myAnd2b4_MUSER_myALU> synthesized.

Synthesizing Unit <myOr2b4_MUSER_myALU>.
    Related source file is "E:\3180105388\lab 8\MyALU\myALU.vf".
    Summary:
	no macro.
Unit <myOr2b4_MUSER_myALU> synthesized.

Synthesizing Unit <DispNum>.
    Related source file is "E:\3180105388\lab 8\MyALU\DispNum.vf".
    Summary:
	no macro.
Unit <DispNum> synthesized.

Synthesizing Unit <DisplaySync_MUSER_DispNum>.
    Related source file is "E:\3180105388\lab 8\MyALU\DispNum.vf".
    Set property "HU_SET = XLXI_4_2" for instance <XLXI_4>.
    Set property "HU_SET = XLXI_7_3" for instance <XLXI_7>.
    Summary:
	no macro.
Unit <DisplaySync_MUSER_DispNum> synthesized.

Synthesizing Unit <Mux4to14b_MUSER_DispNum>.
    Related source file is "E:\3180105388\lab 8\MyALU\DispNum.vf".
    Summary:
	no macro.
Unit <Mux4to14b_MUSER_DispNum> synthesized.

Synthesizing Unit <Mux4to1_MUSER_DispNum>.
    Related source file is "E:\3180105388\lab 8\MyALU\DispNum.vf".
    Summary:
	no macro.
Unit <Mux4to1_MUSER_DispNum> synthesized.

Synthesizing Unit <D2_4E_HXILINX_DispNum>.
    Related source file is "E:\3180105388\lab 8\MyALU\DispNum.vf".
    Summary:
	inferred   4 Multiplexer(s).
Unit <D2_4E_HXILINX_DispNum> synthesized.

Synthesizing Unit <INV4_HXILINX_DispNum>.
    Related source file is "E:\3180105388\lab 8\MyALU\DispNum.vf".
    Summary:
	no macro.
Unit <INV4_HXILINX_DispNum> synthesized.

Synthesizing Unit <MyMC14495_MUSER_DispNum>.
    Related source file is "E:\3180105388\lab 8\MyALU\DispNum.vf".
    Summary:
	no macro.
Unit <MyMC14495_MUSER_DispNum> synthesized.

=========================================================================
HDL Synthesis Report

Macro Statistics
# Adders/Subtractors                                   : 2
 32-bit adder                                          : 2
# Registers                                            : 10
 1-bit register                                        : 2
 32-bit register                                       : 2
 4-bit register                                        : 4
 7-bit register                                        : 2
# Multiplexers                                         : 4
 1-bit 2-to-1 multiplexer                              : 4

=========================================================================

=========================================================================
*                       Advanced HDL Synthesis                          *
=========================================================================

WARNING:Xst:1293 - FF/Latch <num_8> has a constant value of 1 in block <m3>. This FF/Latch will be trimmed during the optimization process.
WARNING:Xst:1293 - FF/Latch <num_9> has a constant value of 1 in block <m3>. This FF/Latch will be trimmed during the optimization process.
WARNING:Xst:1293 - FF/Latch <num_10> has a constant value of 0 in block <m3>. This FF/Latch will be trimmed during the optimization process.
WARNING:Xst:1293 - FF/Latch <num_11> has a constant value of 1 in block <m3>. This FF/Latch will be trimmed during the optimization process.
WARNING:Xst:1293 - FF/Latch <num_12> has a constant value of 0 in block <m3>. This FF/Latch will be trimmed during the optimization process.
WARNING:Xst:1293 - FF/Latch <num_13> has a constant value of 1 in block <m3>. This FF/Latch will be trimmed during the optimization process.
WARNING:Xst:1293 - FF/Latch <num_14> has a constant value of 0 in block <m3>. This FF/Latch will be trimmed during the optimization process.
WARNING:Xst:1293 - FF/Latch <num_15> has a constant value of 1 in block <m3>. This FF/Latch will be trimmed during the optimization process.

Synthesizing (advanced) Unit <clkdiv>.
The following registers are absorbed into counter <clkdiv>: 1 register on signal <clkdiv>.
Unit <clkdiv> synthesized (advanced).

=========================================================================
Advanced HDL Synthesis Report

Macro Statistics
# Counters                                             : 2
 32-bit up counter                                     : 2
# Registers                                            : 32
 Flip-Flops                                            : 32
# Multiplexers                                         : 4
 1-bit 2-to-1 multiplexer                              : 4

=========================================================================

=========================================================================
*                         Low Level Synthesis                           *
=========================================================================
WARNING:Xst:1293 - FF/Latch <num_8> has a constant value of 1 in block <CreateNumber>. This FF/Latch will be trimmed during the optimization process.
WARNING:Xst:1293 - FF/Latch <num_9> has a constant value of 1 in block <CreateNumber>. This FF/Latch will be trimmed during the optimization process.
WARNING:Xst:1293 - FF/Latch <num_10> has a constant value of 0 in block <CreateNumber>. This FF/Latch will be trimmed during the optimization process.
WARNING:Xst:1293 - FF/Latch <num_11> has a constant value of 1 in block <CreateNumber>. This FF/Latch will be trimmed during the optimization process.
WARNING:Xst:1293 - FF/Latch <num_12> has a constant value of 0 in block <CreateNumber>. This FF/Latch will be trimmed during the optimization process.
WARNING:Xst:1293 - FF/Latch <num_13> has a constant value of 1 in block <CreateNumber>. This FF/Latch will be trimmed during the optimization process.
WARNING:Xst:1293 - FF/Latch <num_14> has a constant value of 0 in block <CreateNumber>. This FF/Latch will be trimmed during the optimization process.
WARNING:Xst:1293 - FF/Latch <num_15> has a constant value of 1 in block <CreateNumber>. This FF/Latch will be trimmed during the optimization process.
INFO:Xst:2146 - In block <Top>, Counter <m2/clkdiv> <m6/XLXI_4/clkdiv> are equivalent, XST will keep only <m2/clkdiv>.
WARNING:Xst:2677 - Node <m2/clkdiv_19> of sequential type is unconnected in block <Top>.
WARNING:Xst:2677 - Node <m2/clkdiv_20> of sequential type is unconnected in block <Top>.
WARNING:Xst:2677 - Node <m2/clkdiv_21> of sequential type is unconnected in block <Top>.
WARNING:Xst:2677 - Node <m2/clkdiv_22> of sequential type is unconnected in block <Top>.
WARNING:Xst:2677 - Node <m2/clkdiv_23> of sequential type is unconnected in block <Top>.
WARNING:Xst:2677 - Node <m2/clkdiv_24> of sequential type is unconnected in block <Top>.
WARNING:Xst:2677 - Node <m2/clkdiv_25> of sequential type is unconnected in block <Top>.
WARNING:Xst:2677 - Node <m2/clkdiv_26> of sequential type is unconnected in block <Top>.
WARNING:Xst:2677 - Node <m2/clkdiv_27> of sequential type is unconnected in block <Top>.
WARNING:Xst:2677 - Node <m2/clkdiv_28> of sequential type is unconnected in block <Top>.
WARNING:Xst:2677 - Node <m2/clkdiv_29> of sequential type is unconnected in block <Top>.
WARNING:Xst:2677 - Node <m2/clkdiv_30> of sequential type is unconnected in block <Top>.
WARNING:Xst:2677 - Node <m2/clkdiv_31> of sequential type is unconnected in block <Top>.

Optimizing unit <Top> ...

Optimizing unit <Mux4to14b_MUSER_myALU> ...

Optimizing unit <Mux4to1_MUSER_myALU> ...

Optimizing unit <Mux4to14b_MUSER_DispNum> ...

Optimizing unit <MyMC14495_MUSER_DispNum> ...

Optimizing unit <CreateNumber> ...

Optimizing unit <D2_4E_HXILINX_DispNum> ...

Optimizing unit <INV4_HXILINX_DispNum> ...

Optimizing unit <pbdebounce> ...

Mapping all equations...
Building and optimizing final netlist ...
Found area constraint ratio of 100 (+ 5) on block Top, actual ratio is 0.

Final Macro Processing ...

=========================================================================
Final Register Report

Macro Statistics
# Registers                                            : 43
 Flip-Flops                                            : 43

=========================================================================

=========================================================================
*                           Partition Report                            *
=========================================================================

Partition Implementation Status
-------------------------------

  No Partitions were found in this design.

-------------------------------

=========================================================================
*                            Design Summary                             *
=========================================================================

Top Level Output File Name         : Top.ngc

Primitive and Black Box Usage:
------------------------------
# BELS                             : 347
#      AND2                        : 129
#      AND3                        : 11
#      AND4                        : 9
#      GND                         : 1
#      INV                         : 20
#      LUT1                        : 18
#      LUT2                        : 4
#      LUT3                        : 2
#      LUT5                        : 2
#      LUT6                        : 4
#      MUXCY                       : 18
#      OR2                         : 11
#      OR3                         : 23
#      OR4                         : 15
#      VCC                         : 1
#      XOR2                        : 60
#      XORCY                       : 19
# FlipFlops/Latches                : 43
#      FD                          : 43
# Clock Buffers                    : 1
#      BUFGP                       : 1
# IO Buffers                       : 19
#      IBUF                        : 6
#      OBUF                        : 13

Device utilization summary:
---------------------------

Selected Device : 7k160tfbg676-1 


Slice Logic Utilization: 
 Number of Slice Registers:              43  out of  202800     0%  
 Number of Slice LUTs:                   50  out of  101400     0%  
    Number used as Logic:                50  out of  101400     0%  

Slice Logic Distribution: 
 Number of LUT Flip Flop pairs used:     65
   Number with an unused Flip Flop:      22  out of     65    33%  
   Number with an unused LUT:            15  out of     65    23%  
   Number of fully used LUT-FF pairs:    28  out of     65    43%  
   Number of unique control sets:         4

IO Utilization: 
 Number of IOs:                          20
 Number of bonded IOBs:                  20  out of    400     5%  

Specific Feature Utilization:
 Number of BUFG/BUFGCTRLs:                1  out of     32     3%  

---------------------------
Partition Resource Summary:
---------------------------

  No Partitions were found in this design.

---------------------------


=========================================================================
Timing Report

NOTE: THESE TIMING NUMBERS ARE ONLY A SYNTHESIS ESTIMATE.
      FOR ACCURATE TIMING INFORMATION PLEASE REFER TO THE TRACE REPORT
      GENERATED AFTER PLACE-and-ROUTE.

Clock Information:
------------------
-----------------------------------+------------------------+-------+
Clock Signal                       | Clock buffer(FF name)  | Load  |
-----------------------------------+------------------------+-------+
m2/clkdiv_17                       | NONE(m1/pbshift_6)     | 16    |
m1/pbreg                           | NONE(m3/num_7)         | 4     |
m0/pbreg                           | NONE(m3/num_3)         | 4     |
clk                                | BUFGP                  | 19    |
-----------------------------------+------------------------+-------+
INFO:Xst:2169 - HDL ADVISOR - Some clock signals were not automatically buffered by XST with BUFG/BUFR resources. Please use the buffer_type constraint in order to insert these buffers to the clock signals to help prevent skew problems.

Asynchronous Control Signals Information:
----------------------------------------
No asynchronous control signals found in this design

Timing Summary:
---------------
Speed Grade: -1

   Minimum period: 6.331ns (Maximum Frequency: 157.953MHz)
   Minimum input arrival time before clock: 6.842ns
   Maximum output required time after clock: 14.358ns
   Maximum combinational path delay: 14.116ns

Timing Details:
---------------
All values displayed in nanoseconds (ns)

=========================================================================
Timing constraint: Default period analysis for Clock 'm2/clkdiv_17'
  Clock period: 2.220ns (frequency: 450.450MHz)
  Total number of paths / destination ports: 42 / 14
-------------------------------------------------------------------------
Delay:               2.220ns (Levels of Logic = 3)
  Source:            m1/pbshift_3 (FF)
  Destination:       m1/pbreg (FF)
  Source Clock:      m2/clkdiv_17 rising
  Destination Clock: m2/clkdiv_17 rising

  Data Path: m1/pbshift_3 to m1/pbreg
                                Gate     Net
    Cell:in->out      fanout   Delay   Delay  Logical Name (Net Name)
    ----------------------------------------  ------------
     FD:C->Q               3   0.282   0.616  m1/pbshift_3 (m1/pbshift_3)
     LUT3:I0->O            1   0.053   0.413  m1/pbshift[6]_PWR_2_o_equal_3_o<6>_SW0 (N5)
     LUT6:I5->O            1   0.053   0.739  m1/pbshift[6]_PWR_2_o_equal_3_o<6> (m1/pbshift[6]_PWR_2_o_equal_3_o)
     LUT6:I0->O            1   0.053   0.000  m1/pbreg_rstpot (m1/pbreg_rstpot)
     FD:D                      0.011          m1/pbreg
    ----------------------------------------
    Total                      2.220ns (0.452ns logic, 1.768ns route)
                                       (20.4% logic, 79.6% route)

=========================================================================
Timing constraint: Default period analysis for Clock 'm1/pbreg'
  Clock period: 6.318ns (frequency: 158.278MHz)
  Total number of paths / destination ports: 26 / 4
-------------------------------------------------------------------------
Delay:               6.318ns (Levels of Logic = 7)
  Source:            m3/num_4 (FF)
  Destination:       m3/num_7 (FF)
  Source Clock:      m1/pbreg rising
  Destination Clock: m1/pbreg rising

  Data Path: m3/num_4 to m3/num_7
                                Gate     Net
    Cell:in->out      fanout   Delay   Delay  Logical Name (Net Name)
    ----------------------------------------  ------------
     FD:C->Q               7   0.282   0.765  m3/num_4 (m3/num_4)
     AND2:I1->O            1   0.067   0.739  m3/a2/XLXI_1/XLXI_1/XLXI_5 (m3/a2/XLXI_1/XLXI_1/XLXN_16)
     OR3:I0->O             3   0.053   0.753  m3/a2/XLXI_1/XLXI_1/XLXI_6 (m3/a2/XLXN_25)
     AND2:I0->O            1   0.053   0.725  m3/a2/XLXI_2/XLXI_1/XLXI_4 (m3/a2/XLXI_2/XLXI_1/XLXN_14)
     OR3:I1->O             3   0.067   0.753  m3/a2/XLXI_2/XLXI_1/XLXI_6 (m3/a2/XLXN_26)
     AND2:I0->O            1   0.053   0.725  m3/a2/XLXI_3/XLXI_1/XLXI_4 (m3/a2/XLXI_3/XLXI_1/XLXN_14)
     OR3:I1->O             3   0.067   0.753  m3/a2/XLXI_3/XLXI_1/XLXI_6 (m3/a2/XLXN_27)
     XOR2:I0->O            1   0.053   0.399  m3/a2/XLXI_4/XLXI_1/XLXI_2 (m3/B1<3>)
     FD:D                      0.011          m3/num_7
    ----------------------------------------
    Total                      6.318ns (0.706ns logic, 5.612ns route)
                                       (11.2% logic, 88.8% route)

=========================================================================
Timing constraint: Default period analysis for Clock 'm0/pbreg'
  Clock period: 6.331ns (frequency: 157.953MHz)
  Total number of paths / destination ports: 26 / 4
-------------------------------------------------------------------------
Delay:               6.331ns (Levels of Logic = 7)
  Source:            m3/num_0 (FF)
  Destination:       m3/num_3 (FF)
  Source Clock:      m0/pbreg rising
  Destination Clock: m0/pbreg rising

  Data Path: m3/num_0 to m3/num_3
                                Gate     Net
    Cell:in->out      fanout   Delay   Delay  Logical Name (Net Name)
    ----------------------------------------  ------------
     FD:C->Q               9   0.282   0.778  m3/num_0 (m3/num_0)
     AND2:I1->O            1   0.067   0.739  m3/a1/XLXI_1/XLXI_1/XLXI_5 (m3/a1/XLXI_1/XLXI_1/XLXN_16)
     OR3:I0->O             3   0.053   0.753  m3/a1/XLXI_1/XLXI_1/XLXI_6 (m3/a1/XLXN_25)
     AND2:I0->O            1   0.053   0.725  m3/a1/XLXI_2/XLXI_1/XLXI_4 (m3/a1/XLXI_2/XLXI_1/XLXN_14)
     OR3:I1->O             3   0.067   0.753  m3/a1/XLXI_2/XLXI_1/XLXI_6 (m3/a1/XLXN_26)
     AND2:I0->O            1   0.053   0.725  m3/a1/XLXI_3/XLXI_1/XLXI_4 (m3/a1/XLXI_3/XLXI_1/XLXN_14)
     OR3:I1->O             3   0.067   0.753  m3/a1/XLXI_3/XLXI_1/XLXI_6 (m3/a1/XLXN_27)
     XOR2:I0->O            1   0.053   0.399  m3/a1/XLXI_4/XLXI_1/XLXI_2 (m3/A1<3>)
     FD:D                      0.011          m3/num_3
    ----------------------------------------
    Total                      6.331ns (0.706ns logic, 5.625ns route)
                                       (11.2% logic, 88.8% route)

=========================================================================
Timing constraint: Default period analysis for Clock 'clk'
  Clock period: 1.625ns (frequency: 615.385MHz)
  Total number of paths / destination ports: 190 / 19
-------------------------------------------------------------------------
Delay:               1.625ns (Levels of Logic = 20)
  Source:            m2/clkdiv_0 (FF)
  Destination:       m2/clkdiv_18 (FF)
  Source Clock:      clk rising
  Destination Clock: clk rising

  Data Path: m2/clkdiv_0 to m2/clkdiv_18
                                Gate     Net
    Cell:in->out      fanout   Delay   Delay  Logical Name (Net Name)
    ----------------------------------------  ------------
     FD:C->Q               1   0.282   0.399  m2/clkdiv_0 (m2/clkdiv_0)
     INV:I->O              1   0.067   0.000  m2/Mcount_clkdiv_lut<0>_INV_0 (m2/Mcount_clkdiv_lut<0>)
     MUXCY:S->O            1   0.291   0.000  m2/Mcount_clkdiv_cy<0> (m2/Mcount_clkdiv_cy<0>)
     MUXCY:CI->O           1   0.015   0.000  m2/Mcount_clkdiv_cy<1> (m2/Mcount_clkdiv_cy<1>)
     MUXCY:CI->O           1   0.015   0.000  m2/Mcount_clkdiv_cy<2> (m2/Mcount_clkdiv_cy<2>)
     MUXCY:CI->O           1   0.015   0.000  m2/Mcount_clkdiv_cy<3> (m2/Mcount_clkdiv_cy<3>)
     MUXCY:CI->O           1   0.015   0.000  m2/Mcount_clkdiv_cy<4> (m2/Mcount_clkdiv_cy<4>)
     MUXCY:CI->O           1   0.015   0.000  m2/Mcount_clkdiv_cy<5> (m2/Mcount_clkdiv_cy<5>)
     MUXCY:CI->O           1   0.015   0.000  m2/Mcount_clkdiv_cy<6> (m2/Mcount_clkdiv_cy<6>)
     MUXCY:CI->O           1   0.015   0.000  m2/Mcount_clkdiv_cy<7> (m2/Mcount_clkdiv_cy<7>)
     MUXCY:CI->O           1   0.015   0.000  m2/Mcount_clkdiv_cy<8> (m2/Mcount_clkdiv_cy<8>)
     MUXCY:CI->O           1   0.015   0.000  m2/Mcount_clkdiv_cy<9> (m2/Mcount_clkdiv_cy<9>)
     MUXCY:CI->O           1   0.015   0.000  m2/Mcount_clkdiv_cy<10> (m2/Mcount_clkdiv_cy<10>)
     MUXCY:CI->O           1   0.015   0.000  m2/Mcount_clkdiv_cy<11> (m2/Mcount_clkdiv_cy<11>)
     MUXCY:CI->O           1   0.015   0.000  m2/Mcount_clkdiv_cy<12> (m2/Mcount_clkdiv_cy<12>)
     MUXCY:CI->O           1   0.015   0.000  m2/Mcount_clkdiv_cy<13> (m2/Mcount_clkdiv_cy<13>)
     MUXCY:CI->O           1   0.015   0.000  m2/Mcount_clkdiv_cy<14> (m2/Mcount_clkdiv_cy<14>)
     MUXCY:CI->O           1   0.015   0.000  m2/Mcount_clkdiv_cy<15> (m2/Mcount_clkdiv_cy<15>)
     MUXCY:CI->O           1   0.015   0.000  m2/Mcount_clkdiv_cy<16> (m2/Mcount_clkdiv_cy<16>)
     MUXCY:CI->O           0   0.015   0.000  m2/Mcount_clkdiv_cy<17> (m2/Mcount_clkdiv_cy<17>)
     XORCY:CI->O           1   0.320   0.000  m2/Mcount_clkdiv_xor<18> (Result<18>)
     FD:D                      0.011          m2/clkdiv_18
    ----------------------------------------
    Total                      1.625ns (1.226ns logic, 0.399ns route)
                                       (75.4% logic, 24.6% route)

=========================================================================
Timing constraint: Default OFFSET IN BEFORE for Clock 'm2/clkdiv_17'
  Total number of paths / destination ports: 6 / 4
-------------------------------------------------------------------------
Offset:              1.749ns (Levels of Logic = 4)
  Source:            BTN<1> (PAD)
  Destination:       m1/pbreg (FF)
  Destination Clock: m2/clkdiv_17 rising

  Data Path: BTN<1> to m1/pbreg
                                Gate     Net
    Cell:in->out      fanout   Delay   Delay  Logical Name (Net Name)
    ----------------------------------------  ------------
     IBUF:I->O             3   0.000   0.427  BTN_1_IBUF (BTN_1_IBUF)
     LUT3:I2->O            1   0.053   0.413  m1/pbshift[6]_PWR_2_o_equal_3_o<6>_SW0 (N5)
     LUT6:I5->O            1   0.053   0.739  m1/pbshift[6]_PWR_2_o_equal_3_o<6> (m1/pbshift[6]_PWR_2_o_equal_3_o)
     LUT6:I0->O            1   0.053   0.000  m1/pbreg_rstpot (m1/pbreg_rstpot)
     FD:D                      0.011          m1/pbreg
    ----------------------------------------
    Total                      1.749ns (0.170ns logic, 1.579ns route)
                                       (9.7% logic, 90.3% route)

=========================================================================
Timing constraint: Default OFFSET IN BEFORE for Clock 'm1/pbreg'
  Total number of paths / destination ports: 41 / 4
-------------------------------------------------------------------------
Offset:              6.842ns (Levels of Logic = 9)
  Source:            SW1<1> (PAD)
  Destination:       m3/num_7 (FF)
  Destination Clock: m1/pbreg rising

  Data Path: SW1<1> to m3/num_7
                                Gate     Net
    Cell:in->out      fanout   Delay   Delay  Logical Name (Net Name)
    ----------------------------------------  ------------
     IBUF:I->O             7   0.000   0.779  SW1_1_IBUF (SW1_1_IBUF)
     XOR2:I0->O            3   0.053   0.739  m3/a2/XLXI_1/XLXI_2 (m3/a2/XLXI_1/XLXN_1)
     AND2:I1->O            1   0.067   0.725  m3/a2/XLXI_1/XLXI_1/XLXI_4 (m3/a2/XLXI_1/XLXI_1/XLXN_14)
     OR3:I1->O             3   0.067   0.753  m3/a2/XLXI_1/XLXI_1/XLXI_6 (m3/a2/XLXN_25)
     AND2:I0->O            1   0.053   0.725  m3/a2/XLXI_2/XLXI_1/XLXI_4 (m3/a2/XLXI_2/XLXI_1/XLXN_14)
     OR3:I1->O             3   0.067   0.753  m3/a2/XLXI_2/XLXI_1/XLXI_6 (m3/a2/XLXN_26)
     AND2:I0->O            1   0.053   0.725  m3/a2/XLXI_3/XLXI_1/XLXI_4 (m3/a2/XLXI_3/XLXI_1/XLXN_14)
     OR3:I1->O             3   0.067   0.753  m3/a2/XLXI_3/XLXI_1/XLXI_6 (m3/a2/XLXN_27)
     XOR2:I0->O            1   0.053   0.399  m3/a2/XLXI_4/XLXI_1/XLXI_2 (m3/B1<3>)
     FD:D                      0.011          m3/num_7
    ----------------------------------------
    Total                      6.842ns (0.491ns logic, 6.351ns route)
                                       (7.2% logic, 92.8% route)

=========================================================================
Timing constraint: Default OFFSET IN BEFORE for Clock 'm0/pbreg'
  Total number of paths / destination ports: 41 / 4
-------------------------------------------------------------------------
Offset:              6.842ns (Levels of Logic = 9)
  Source:            SW1<0> (PAD)
  Destination:       m3/num_3 (FF)
  Destination Clock: m0/pbreg rising

  Data Path: SW1<0> to m3/num_3
                                Gate     Net
    Cell:in->out      fanout   Delay   Delay  Logical Name (Net Name)
    ----------------------------------------  ------------
     IBUF:I->O             7   0.000   0.779  SW1_0_IBUF (SW1_0_IBUF)
     XOR2:I0->O            3   0.053   0.739  m3/a1/XLXI_1/XLXI_2 (m3/a1/XLXI_1/XLXN_1)
     AND2:I1->O            1   0.067   0.725  m3/a1/XLXI_1/XLXI_1/XLXI_4 (m3/a1/XLXI_1/XLXI_1/XLXN_14)
     OR3:I1->O             3   0.067   0.753  m3/a1/XLXI_1/XLXI_1/XLXI_6 (m3/a1/XLXN_25)
     AND2:I0->O            1   0.053   0.725  m3/a1/XLXI_2/XLXI_1/XLXI_4 (m3/a1/XLXI_2/XLXI_1/XLXN_14)
     OR3:I1->O             3   0.067   0.753  m3/a1/XLXI_2/XLXI_1/XLXI_6 (m3/a1/XLXN_26)
     AND2:I0->O            1   0.053   0.725  m3/a1/XLXI_3/XLXI_1/XLXI_4 (m3/a1/XLXI_3/XLXI_1/XLXN_14)
     OR3:I1->O             3   0.067   0.753  m3/a1/XLXI_3/XLXI_1/XLXI_6 (m3/a1/XLXN_27)
     XOR2:I0->O            1   0.053   0.399  m3/a1/XLXI_4/XLXI_1/XLXI_2 (m3/A1<3>)
     FD:D                      0.011          m3/num_3
    ----------------------------------------
    Total                      6.842ns (0.491ns logic, 6.351ns route)
                                       (7.2% logic, 92.8% route)

=========================================================================
Timing constraint: Default OFFSET OUT AFTER for Clock 'clk'
  Total number of paths / destination ports: 760 / 12
-------------------------------------------------------------------------
Offset:              7.313ns (Levels of Logic = 9)
  Source:            m2/clkdiv_17 (FF)
  Destination:       SEGMENT<3> (PAD)
  Source Clock:      clk rising

  Data Path: m2/clkdiv_17 to SEGMENT<3>
                                Gate     Net
    Cell:in->out      fanout   Delay   Delay  Logical Name (Net Name)
    ----------------------------------------  ------------
     FD:C->Q              30   0.282   0.551  m2/clkdiv_17 (m2/clkdiv_17)
     INV:I->O              2   0.393   0.731  m6/XLXI_2/XLXI_1/XLXI_2 (m6/XLXI_2/XLXI_1/XLXN_9)
     AND2:I1->O            4   0.067   0.745  m6/XLXI_2/XLXI_1/XLXI_8 (m6/XLXI_2/XLXI_1/XLXN_24)
     AND2:I1->O            1   0.067   0.725  m6/XLXI_2/XLXI_1/XLXI_16 (m6/XLXI_2/XLXI_1/XLXN_63)
     OR4:I1->O            11   0.067   0.465  m6/XLXI_2/XLXI_1/XLXI_28 (m6/HEX<1>)
     INV:I->O              8   0.393   0.681  m6/XLXI_3/XLXI_3 (m6/XLXI_3/XLXN_17)
     AND4:I2->O            2   0.157   0.608  m6/XLXI_3/XLXI_5 (m6/XLXI_3/XLXN_25)
     OR4:I3->O             1   0.190   0.725  m6/XLXI_3/XLXI_100 (m6/XLXI_3/XLXN_30)
     OR2:I1->O             1   0.067   0.399  m6/XLXI_3/XLXI_107 (SEGMENT_0_OBUF)
     OBUF:I->O                 0.000          SEGMENT_0_OBUF (SEGMENT<0>)
    ----------------------------------------
    Total                      7.313ns (1.683ns logic, 5.630ns route)
                                       (23.0% logic, 77.0% route)

=========================================================================
Timing constraint: Default OFFSET OUT AFTER for Clock 'm0/pbreg'
  Total number of paths / destination ports: 2654 / 7
-------------------------------------------------------------------------
Offset:              13.565ns (Levels of Logic = 17)
  Source:            m3/num_0 (FF)
  Destination:       SEGMENT<1> (PAD)
  Source Clock:      m0/pbreg rising

  Data Path: m3/num_0 to SEGMENT<1>
                                Gate     Net
    Cell:in->out      fanout   Delay   Delay  Logical Name (Net Name)
    ----------------------------------------  ------------
     FD:C->Q               9   0.282   0.778  m3/num_0 (m3/num_0)
     AND2:I1->O            1   0.067   0.739  m5/XLXI_1/XLXI_1/XLXI_1/XLXI_5 (m5/XLXI_1/XLXI_1/XLXI_1/XLXN_16)
     OR3:I0->O             3   0.053   0.753  m5/XLXI_1/XLXI_1/XLXI_1/XLXI_6 (m5/XLXI_1/XLXN_25)
     AND2:I0->O            1   0.053   0.725  m5/XLXI_1/XLXI_2/XLXI_1/XLXI_4 (m5/XLXI_1/XLXI_2/XLXI_1/XLXN_14)
     OR3:I1->O             3   0.067   0.753  m5/XLXI_1/XLXI_2/XLXI_1/XLXI_6 (m5/XLXI_1/XLXN_26)
     AND2:I0->O            1   0.053   0.725  m5/XLXI_1/XLXI_3/XLXI_1/XLXI_4 (m5/XLXI_1/XLXI_3/XLXI_1/XLXN_14)
     OR3:I1->O             3   0.067   0.753  m5/XLXI_1/XLXI_3/XLXI_1/XLXI_6 (m5/XLXI_1/XLXN_27)
     AND2:I0->O            1   0.053   0.725  m5/XLXI_1/XLXI_4/XLXI_1/XLXI_4 (m5/XLXI_1/XLXI_4/XLXI_1/XLXN_14)
     OR3:I1->O             2   0.067   0.745  m5/XLXI_1/XLXI_4/XLXI_1/XLXI_6 (m5/XLXN_17)
     AND2:I0->O            1   0.053   0.602  m5/XLXI_3/XLXI_7 (m5/XLXI_3/XLXN_23)
     OR4:I3->O             1   0.190   0.739  m5/XLXI_3/XLXI_11 (Co)
     AND2:I0->O            1   0.053   0.635  m6/XLXI_2/XLXI_1/XLXI_11 (m6/XLXI_2/XLXI_1/XLXN_58)
     OR4:I2->O            12   0.157   0.471  m6/XLXI_2/XLXI_1/XLXI_27 (m6/HEX<0>)
     INV:I->O              6   0.393   0.772  m6/XLXI_3/XLXI_4 (m6/XLXI_3/XLXN_18)
     AND4:I0->O            2   0.053   0.641  m6/XLXI_3/XLXI_6 (m6/XLXI_3/XLXN_26)
     OR4:I2->O             1   0.157   0.725  m6/XLXI_3/XLXI_100 (m6/XLXI_3/XLXN_30)
     OR2:I1->O             1   0.067   0.399  m6/XLXI_3/XLXI_107 (SEGMENT_0_OBUF)
     OBUF:I->O                 0.000          SEGMENT_0_OBUF (SEGMENT<0>)
    ----------------------------------------
    Total                     13.565ns (1.885ns logic, 11.680ns route)
                                       (13.9% logic, 86.1% route)

=========================================================================
Timing constraint: Default OFFSET OUT AFTER for Clock 'm1/pbreg'
  Total number of paths / destination ports: 2654 / 7
-------------------------------------------------------------------------
Offset:              14.358ns (Levels of Logic = 18)
  Source:            m3/num_4 (FF)
  Destination:       SEGMENT<1> (PAD)
  Source Clock:      m1/pbreg rising

  Data Path: m3/num_4 to SEGMENT<1>
                                Gate     Net
    Cell:in->out      fanout   Delay   Delay  Logical Name (Net Name)
    ----------------------------------------  ------------
     FD:C->Q               7   0.282   0.765  m3/num_4 (m3/num_4)
     XOR2:I1->O            3   0.067   0.739  m5/XLXI_1/XLXI_1/XLXI_2 (m5/XLXI_1/XLXI_1/XLXN_1)
     AND2:I1->O            1   0.067   0.725  m5/XLXI_1/XLXI_1/XLXI_1/XLXI_4 (m5/XLXI_1/XLXI_1/XLXI_1/XLXN_14)
     OR3:I1->O             3   0.067   0.753  m5/XLXI_1/XLXI_1/XLXI_1/XLXI_6 (m5/XLXI_1/XLXN_25)
     AND2:I0->O            1   0.053   0.725  m5/XLXI_1/XLXI_2/XLXI_1/XLXI_4 (m5/XLXI_1/XLXI_2/XLXI_1/XLXN_14)
     OR3:I1->O             3   0.067   0.753  m5/XLXI_1/XLXI_2/XLXI_1/XLXI_6 (m5/XLXI_1/XLXN_26)
     AND2:I0->O            1   0.053   0.725  m5/XLXI_1/XLXI_3/XLXI_1/XLXI_4 (m5/XLXI_1/XLXI_3/XLXI_1/XLXN_14)
     OR3:I1->O             3   0.067   0.753  m5/XLXI_1/XLXI_3/XLXI_1/XLXI_6 (m5/XLXI_1/XLXN_27)
     AND2:I0->O            1   0.053   0.725  m5/XLXI_1/XLXI_4/XLXI_1/XLXI_4 (m5/XLXI_1/XLXI_4/XLXI_1/XLXN_14)
     OR3:I1->O             2   0.067   0.745  m5/XLXI_1/XLXI_4/XLXI_1/XLXI_6 (m5/XLXN_17)
     AND2:I0->O            1   0.053   0.602  m5/XLXI_3/XLXI_7 (m5/XLXI_3/XLXN_23)
     OR4:I3->O             1   0.190   0.739  m5/XLXI_3/XLXI_11 (Co)
     AND2:I0->O            1   0.053   0.635  m6/XLXI_2/XLXI_1/XLXI_11 (m6/XLXI_2/XLXI_1/XLXN_58)
     OR4:I2->O            12   0.157   0.471  m6/XLXI_2/XLXI_1/XLXI_27 (m6/HEX<0>)
     INV:I->O              6   0.393   0.772  m6/XLXI_3/XLXI_4 (m6/XLXI_3/XLXN_18)
     AND4:I0->O            2   0.053   0.641  m6/XLXI_3/XLXI_6 (m6/XLXI_3/XLXN_26)
     OR4:I2->O             1   0.157   0.725  m6/XLXI_3/XLXI_100 (m6/XLXI_3/XLXN_30)
     OR2:I1->O             1   0.067   0.399  m6/XLXI_3/XLXI_107 (SEGMENT_0_OBUF)
     OBUF:I->O                 0.000          SEGMENT_0_OBUF (SEGMENT<0>)
    ----------------------------------------
    Total                     14.358ns (1.966ns logic, 12.392ns route)
                                       (13.7% logic, 86.3% route)

=========================================================================
Timing constraint: Default path analysis
  Total number of paths / destination ports: 4578 / 7
-------------------------------------------------------------------------
Delay:               14.116ns (Levels of Logic = 19)
  Source:            SW2<0> (PAD)
  Destination:       SEGMENT<1> (PAD)

  Data Path: SW2<0> to SEGMENT<1>
                                Gate     Net
    Cell:in->out      fanout   Delay   Delay  Logical Name (Net Name)
    ----------------------------------------  ------------
     IBUF:I->O            13   0.000   0.819  SW2_0_IBUF (SW2_0_IBUF)
     XOR2:I0->O            3   0.053   0.739  m5/XLXI_1/XLXI_1/XLXI_2 (m5/XLXI_1/XLXI_1/XLXN_1)
     AND2:I1->O            1   0.067   0.725  m5/XLXI_1/XLXI_1/XLXI_1/XLXI_4 (m5/XLXI_1/XLXI_1/XLXI_1/XLXN_14)
     OR3:I1->O             3   0.067   0.753  m5/XLXI_1/XLXI_1/XLXI_1/XLXI_6 (m5/XLXI_1/XLXN_25)
     AND2:I0->O            1   0.053   0.725  m5/XLXI_1/XLXI_2/XLXI_1/XLXI_4 (m5/XLXI_1/XLXI_2/XLXI_1/XLXN_14)
     OR3:I1->O             3   0.067   0.753  m5/XLXI_1/XLXI_2/XLXI_1/XLXI_6 (m5/XLXI_1/XLXN_26)
     AND2:I0->O            1   0.053   0.725  m5/XLXI_1/XLXI_3/XLXI_1/XLXI_4 (m5/XLXI_1/XLXI_3/XLXI_1/XLXN_14)
     OR3:I1->O             3   0.067   0.753  m5/XLXI_1/XLXI_3/XLXI_1/XLXI_6 (m5/XLXI_1/XLXN_27)
     AND2:I0->O            1   0.053   0.725  m5/XLXI_1/XLXI_4/XLXI_1/XLXI_4 (m5/XLXI_1/XLXI_4/XLXI_1/XLXN_14)
     OR3:I1->O             2   0.067   0.745  m5/XLXI_1/XLXI_4/XLXI_1/XLXI_6 (m5/XLXN_17)
     AND2:I0->O            1   0.053   0.602  m5/XLXI_3/XLXI_7 (m5/XLXI_3/XLXN_23)
     OR4:I3->O             1   0.190   0.739  m5/XLXI_3/XLXI_11 (Co)
     AND2:I0->O            1   0.053   0.635  m6/XLXI_2/XLXI_1/XLXI_11 (m6/XLXI_2/XLXI_1/XLXN_58)
     OR4:I2->O            12   0.157   0.471  m6/XLXI_2/XLXI_1/XLXI_27 (m6/HEX<0>)
     INV:I->O              6   0.393   0.772  m6/XLXI_3/XLXI_4 (m6/XLXI_3/XLXN_18)
     AND4:I0->O            2   0.053   0.641  m6/XLXI_3/XLXI_6 (m6/XLXI_3/XLXN_26)
     OR4:I2->O             1   0.157   0.725  m6/XLXI_3/XLXI_100 (m6/XLXI_3/XLXN_30)
     OR2:I1->O             1   0.067   0.399  m6/XLXI_3/XLXI_107 (SEGMENT_0_OBUF)
     OBUF:I->O                 0.000          SEGMENT_0_OBUF (SEGMENT<0>)
    ----------------------------------------
    Total                     14.116ns (1.670ns logic, 12.446ns route)
                                       (11.8% logic, 88.2% route)

=========================================================================

Cross Clock Domains Report:
--------------------------

Clock to Setup on destination clock clk
---------------+---------+---------+---------+---------+
               | Src:Rise| Src:Fall| Src:Rise| Src:Fall|
Source Clock   |Dest:Rise|Dest:Rise|Dest:Fall|Dest:Fall|
---------------+---------+---------+---------+---------+
clk            |    1.625|         |         |         |
---------------+---------+---------+---------+---------+

Clock to Setup on destination clock m0/pbreg
---------------+---------+---------+---------+---------+
               | Src:Rise| Src:Fall| Src:Rise| Src:Fall|
Source Clock   |Dest:Rise|Dest:Rise|Dest:Fall|Dest:Fall|
---------------+---------+---------+---------+---------+
m0/pbreg       |    6.331|         |         |         |
---------------+---------+---------+---------+---------+

Clock to Setup on destination clock m1/pbreg
---------------+---------+---------+---------+---------+
               | Src:Rise| Src:Fall| Src:Rise| Src:Fall|
Source Clock   |Dest:Rise|Dest:Rise|Dest:Fall|Dest:Fall|
---------------+---------+---------+---------+---------+
m1/pbreg       |    6.318|         |         |         |
---------------+---------+---------+---------+---------+

Clock to Setup on destination clock m2/clkdiv_17
---------------+---------+---------+---------+---------+
               | Src:Rise| Src:Fall| Src:Rise| Src:Fall|
Source Clock   |Dest:Rise|Dest:Rise|Dest:Fall|Dest:Fall|
---------------+---------+---------+---------+---------+
m2/clkdiv_17   |    2.220|         |         |         |
---------------+---------+---------+---------+---------+

=========================================================================


Total REAL time to Xst completion: 9.00 secs
Total CPU time to Xst completion: 8.95 secs
 
--> 

Total memory usage is 413428 kilobytes

Number of errors   :    0 (   0 filtered)
Number of warnings :   33 (   0 filtered)
Number of infos    :    6 (   0 filtered)

