#-----------------------------------------------------------
# PlanAhead v14.7 (64-bit)
# Build 321239 by xbuild on Fri Sep 27 19:29:51 MDT 2013
# Start of session at: Thu Aug 13 14:27:33 2020
# Process ID: 10004
# Log file: C:/Users/HP/Desktop/MySingleCpu/planAhead_run_1/planAhead.log
# Journal file: C:/Users/HP/Desktop/MySingleCpu/planAhead_run_1/planAhead.jou
#-----------------------------------------------------------
INFO: [Common 17-78] Attempting to get a license: PlanAhead
INFO: [Common 17-290] Got license for PlanAhead
INFO: [Device 21-36] Loading parts and site information from F:/14.7/ISE_DS/PlanAhead/data/parts/arch.xml
Parsing RTL primitives file [F:/14.7/ISE_DS/PlanAhead/data/parts/xilinx/rtl/prims/rtl_prims.xml]
Finished parsing RTL primitives file [F:/14.7/ISE_DS/PlanAhead/data/parts/xilinx/rtl/prims/rtl_prims.xml]
start_gui
source C:/Users/HP/Desktop/MySingleCpu/pa.fromNetlist.tcl
# create_project -name MySingleCpu -dir "C:/Users/HP/Desktop/MySingleCpu/planAhead_run_2" -part xc7k160tffg676-2L
INFO: [Common 17-41] Interrupt caught. Command should exit soon.
INFO: [Common 17-344] 'current_run' was cancelled
INFO: [Common 17-344] 'source' was cancelled
exit
ERROR: [PlanAhead 12-106] *** Exception: ui.h.b: Found deleted key in HTclEventBroker. Verify if the classes listed here call cleanup()
HTclEvent: DEBUG_PORT_CONFIG_CHANGE   Classes: ui.views.aR 
HTclEvent: SIGNAL_BUS_MODIFY   Classes: ui.views.aR 
HTclEvent: DEBUG_CORE_CONFIG_CHANGE   Classes: ui.views.aR 
HTclEvent: SIGNAL_MODIFY   Classes: ui.views.aR 
 (See C:/Users/HP/Desktop/MySingleCpu\planAhead_pid10004.debug)
ERROR: [Common 17-39] 'stop_gui' failed due to earlier errors.
INFO: [Common 17-206] Exiting PlanAhead at Thu Aug 13 14:28:05 2020...
INFO: [Common 17-83] Releasing license: PlanAhead
