Release 14.7 - ngc2edif P.20131013 (nt64)
Copyright (c) 1995-2013 Xilinx, Inc.  All rights reserved.
Reading design mctop.ngc ...
WARNING:NetListWriters:298 - No output is written to mctop.xncf, ignored.
Processing design ...
   Preping design's networks ...
   Preping design's macros ...
WARNING:NetListWriters:306 - Signal bus t0/inPC<31 : 2> on block mctop is not
   reconstructed, because there are some missing bus signals.
WARNING:NetListWriters:306 - Signal bus
   t0/R1/R_addr_B[4]_register[31][31]_wide_mux_4_OUT<13 : 3> on block mctop is
   not reconstructed, because there are some missing bus signals.
WARNING:NetListWriters:306 - Signal bus t0/a0/add1/add2/xb<3 : 1> on block mctop
   is not reconstructed, because there are some missing bus signals.
WARNING:NetListWriters:306 - Signal bus t0/a0/add1/add3/xb<3 : 1> on block mctop
   is not reconstructed, because there are some missing bus signals.
WARNING:NetListWriters:306 - Signal bus t0/a0/add1/add5/xb<3 : 1> on block mctop
   is not reconstructed, because there are some missing bus signals.
WARNING:NetListWriters:306 - Signal bus t0/a0/add1/add6/xb<3 : 1> on block mctop
   is not reconstructed, because there are some missing bus signals.
  finished :Prep
Writing EDIF netlist file mctop.edif ...
ngc2edif: Total memory usage is 4327004 kilobytes

Release 14.7 - ngc2edif P.20131013 (nt64)
Copyright (c) 1995-2013 Xilinx, Inc.  All rights reserved.
Reading design RAM.ngc ...
WARNING:NetListWriters:298 - No output is written to RAM.xncf, ignored.
Processing design ...
   Preping design's networks ...
   Preping design's macros ...
  finished :Prep
Writing EDIF netlist file RAM.edif ...
ngc2edif: Total memory usage is 4314144 kilobytes

Release 14.7 - ngc2edif P.20131013 (nt64)
Copyright (c) 1995-2013 Xilinx, Inc.  All rights reserved.
Reading design RAM.ngc ...
WARNING:NetListWriters:298 - No output is written to RAM.xncf, ignored.
Processing design ...
   Preping design's networks ...
   Preping design's macros ...
  finished :Prep
Writing EDIF netlist file RAM.edif ...
ngc2edif: Total memory usage is 4314144 kilobytes

