--------------------------------------------------------------------------------
Release 14.7 Trace  (nt64)
Copyright (c) 1995-2013 Xilinx, Inc.  All rights reserved.

F:\14.7\ISE_DS\ISE\bin\nt64\unwrapped\trce.exe -intstyle ise -v 3 -s 1 -n 3
-fastpaths -xml top.twx top.ncd -o top.twr top.pcf -ucf k7.ucf

Design file:              top.ncd
Physical constraint file: top.pcf
Device,package,speed:     xc7k160t,ffg676,C,-1 (PRODUCTION 1.10 2013-10-13)
Report level:             verbose report

Environment Variable      Effect 
--------------------      ------ 
NONE                      No environment variables were set
--------------------------------------------------------------------------------

INFO:Timing:2698 - No timing constraints found, doing default enumeration.
INFO:Timing:3412 - To improve timing, see the Timing Closure User Guide (UG612).
INFO:Timing:2752 - To get complete path coverage, use the unconstrained paths 
   option. All paths that are not constrained will be reported in the 
   unconstrained paths section(s) of the report.
INFO:Timing:3339 - The clock-to-out numbers in this timing report are based on 
   a 50 Ohm transmission line loading model.  For the details of this model, 
   and for more information on accounting for different loading conditions, 
   please see the device datasheet.



Data Sheet report:
-----------------
All values displayed in nanoseconds (ns)

Setup/Hold to clock clk
------------+------------+------------+------------+------------+------------------+--------+
            |Max Setup to|  Process   |Max Hold to |  Process   |                  | Clock  |
Source      | clk (edge) |   Corner   | clk (edge) |   Corner   |Internal Clock(s) | Phase  |
------------+------------+------------+------------+------------+------------------+--------+
SW<0>       |    6.295(R)|      SLOW  |    1.712(R)|      SLOW  |clk_BUFGP         |   0.000|
SW<1>       |    7.079(R)|      SLOW  |    1.509(R)|      SLOW  |clk_BUFGP         |   0.000|
SW<2>       |    2.946(R)|      SLOW  |    1.398(R)|      SLOW  |clk_BUFGP         |   0.000|
SW<3>       |    2.597(R)|      SLOW  |    1.742(R)|      SLOW  |clk_BUFGP         |   0.000|
SW<4>       |    3.295(R)|      SLOW  |    1.606(R)|      SLOW  |clk_BUFGP         |   0.000|
SW<6>       |    0.041(R)|      FAST  |    2.487(R)|      SLOW  |clk_BUFGP         |   0.000|
SW<13>      |    1.088(R)|      FAST  |    2.576(R)|      SLOW  |clk_BUFGP         |   0.000|
SW<14>      |    0.853(R)|      FAST  |    2.732(R)|      SLOW  |clk_BUFGP         |   0.000|
SW<15>      |    0.853(R)|      FAST  |    2.736(R)|      SLOW  |clk_BUFGP         |   0.000|
rst         |   -0.391(R)|      FAST  |    2.918(R)|      SLOW  |clk_BUFGP         |   0.000|
------------+------------+------------+------------+------------+------------------+--------+

Clock clk to Pad
------------+-----------------+------------+-----------------+------------+------------------+--------+
            |Max (slowest) clk|  Process   |Min (fastest) clk|  Process   |                  | Clock  |
Destination |  (edge) to PAD  |   Corner   |  (edge) to PAD  |   Corner   |Internal Clock(s) | Phase  |
------------+-----------------+------------+-----------------+------------+------------------+--------+
AN<0>       |        12.675(R)|      SLOW  |         4.892(R)|      FAST  |clk_BUFGP         |   0.000|
AN<1>       |        12.810(R)|      SLOW  |         4.942(R)|      FAST  |clk_BUFGP         |   0.000|
AN<2>       |        12.585(R)|      SLOW  |         4.845(R)|      FAST  |clk_BUFGP         |   0.000|
AN<3>       |        12.750(R)|      SLOW  |         4.900(R)|      FAST  |clk_BUFGP         |   0.000|
SEGLED_CLK  |        13.030(R)|      SLOW  |         5.035(R)|      FAST  |clk_BUFGP         |   0.000|
SEGMENT<0>  |        15.495(R)|      SLOW  |         4.867(R)|      FAST  |clk_BUFGP         |   0.000|
SEGMENT<1>  |        15.203(R)|      SLOW  |         4.718(R)|      FAST  |clk_BUFGP         |   0.000|
SEGMENT<2>  |        15.148(R)|      SLOW  |         4.813(R)|      FAST  |clk_BUFGP         |   0.000|
SEGMENT<3>  |        15.509(R)|      SLOW  |         4.788(R)|      FAST  |clk_BUFGP         |   0.000|
SEGMENT<4>  |        15.082(R)|      SLOW  |         4.733(R)|      FAST  |clk_BUFGP         |   0.000|
SEGMENT<5>  |        15.038(R)|      SLOW  |         4.669(R)|      FAST  |clk_BUFGP         |   0.000|
SEGMENT<6>  |        15.096(R)|      SLOW  |         4.880(R)|      FAST  |clk_BUFGP         |   0.000|
------------+-----------------+------------+-----------------+------------+------------------+--------+

Clock to Setup on destination clock SW<5>
---------------+---------+---------+---------+---------+
               | Src:Rise| Src:Fall| Src:Rise| Src:Fall|
Source Clock   |Dest:Rise|Dest:Rise|Dest:Fall|Dest:Fall|
---------------+---------+---------+---------+---------+
SW<5>          |    8.038|         |         |         |
SW<12>         |    8.038|         |         |         |
---------------+---------+---------+---------+---------+

Clock to Setup on destination clock SW<12>
---------------+---------+---------+---------+---------+
               | Src:Rise| Src:Fall| Src:Rise| Src:Fall|
Source Clock   |Dest:Rise|Dest:Rise|Dest:Fall|Dest:Fall|
---------------+---------+---------+---------+---------+
SW<5>          |    8.038|         |         |         |
SW<12>         |    8.038|         |         |         |
---------------+---------+---------+---------+---------+

Clock to Setup on destination clock clk
---------------+---------+---------+---------+---------+
               | Src:Rise| Src:Fall| Src:Rise| Src:Fall|
Source Clock   |Dest:Rise|Dest:Rise|Dest:Fall|Dest:Fall|
---------------+---------+---------+---------+---------+
SW<5>          |   10.417|         |         |         |
SW<12>         |   10.417|         |         |         |
clk            |    1.445|         |         |         |
---------------+---------+---------+---------+---------+


Analysis completed Mon Aug 17 16:30:10 2020 
--------------------------------------------------------------------------------

Trace Settings:
-------------------------
Trace Settings 

Peak Memory Usage: 5124 MB



