Release 14.7 - xst P.20131013 (nt64)
Copyright (c) 1995-2013 Xilinx, Inc.  All rights reserved.
--> Parameter TMPDIR set to xst/projnav.tmp


Total REAL time to Xst completion: 0.00 secs
Total CPU time to Xst completion: 0.30 secs
 
--> Parameter xsthdpdir set to xst


Total REAL time to Xst completion: 0.00 secs
Total CPU time to Xst completion: 0.30 secs
 
--> Reading design: top.prj

TABLE OF CONTENTS
  1) Synthesis Options Summary
  2) HDL Parsing
  3) HDL Elaboration
  4) HDL Synthesis
       4.1) HDL Synthesis Report
  5) Advanced HDL Synthesis
       5.1) Advanced HDL Synthesis Report
  6) Low Level Synthesis
  7) Partition Report
  8) Design Summary
       8.1) Primitive and Black Box Usage
       8.2) Device utilization summary
       8.3) Partition Resource Summary
       8.4) Timing Report
            8.4.1) Clock Information
            8.4.2) Asynchronous Control Signals Information
            8.4.3) Timing Summary
            8.4.4) Timing Details
            8.4.5) Cross Clock Domains Report


=========================================================================
*                      Synthesis Options Summary                        *
=========================================================================
---- Source Parameters
Input File Name                    : "top.prj"
Ignore Synthesis Constraint File   : NO

---- Target Parameters
Output File Name                   : "top"
Output Format                      : NGC
Target Device                      : xc7k160t-1-ffg676

---- Source Options
Top Module Name                    : top
Automatic FSM Extraction           : YES
FSM Encoding Algorithm             : Auto
Safe Implementation                : No
FSM Style                          : LUT
RAM Extraction                     : Yes
RAM Style                          : Auto
ROM Extraction                     : Yes
Shift Register Extraction          : YES
ROM Style                          : Auto
Resource Sharing                   : YES
Asynchronous To Synchronous        : NO
Shift Register Minimum Size        : 2
Use DSP Block                      : Auto
Automatic Register Balancing       : No

---- Target Options
LUT Combining                      : Auto
Reduce Control Sets                : Auto
Add IO Buffers                     : YES
Global Maximum Fanout              : 100000
Add Generic Clock Buffer(BUFG)     : 32
Register Duplication               : YES
Optimize Instantiated Primitives   : NO
Use Clock Enable                   : Auto
Use Synchronous Set                : Auto
Use Synchronous Reset              : Auto
Pack IO Registers into IOBs        : Auto
Equivalent register Removal        : YES

---- General Options
Optimization Goal                  : Speed
Optimization Effort                : 1
Power Reduction                    : NO
Keep Hierarchy                     : No
Netlist Hierarchy                  : As_Optimized
RTL Output                         : Yes
Global Optimization                : AllClockNets
Read Cores                         : YES
Write Timing Constraints           : NO
Cross Clock Analysis               : NO
Hierarchy Separator                : /
Bus Delimiter                      : <>
Case Specifier                     : Maintain
Slice Utilization Ratio            : 100
BRAM Utilization Ratio             : 100
DSP48 Utilization Ratio            : 100
Auto BRAM Packing                  : NO
Slice Utilization Ratio Delta      : 5

---- Other Options
Cores Search Directories           : {"ipcore_dir"  }

=========================================================================


=========================================================================
*                          HDL Parsing                                  *
=========================================================================
Analyzing Verilog file "D:\multi_cycle2\multi_cycle1\SegmentDecoder.v" into library work
Parsing module <SegmentDecoder>.
Analyzing Verilog file "D:\multi_cycle2\multi_cycle1\Mux4to14b.vf" into library work
Parsing module <Mux4to14b>.
Analyzing Verilog file "D:\multi_cycle2\multi_cycle1\Mux4to1.vf" into library work
Parsing module <Mux4to1>.
Analyzing Verilog file "D:\multi_cycle2\multi_cycle1\ShiftReg.v" into library work
Parsing module <ShiftReg>.
Analyzing Verilog file "D:\multi_cycle2\multi_cycle1\Seg7Remap.v" into library work
Parsing module <Seg7Remap>.
Analyzing Verilog file "D:\multi_cycle2\multi_cycle1\Seg7Decode.v" into library work
Parsing module <Seg7Decode>.
Analyzing Verilog file "D:\multi_cycle2\multi_cycle1\MyMC14495.vf" into library work
Parsing module <MyMC14495>.
Analyzing Verilog file "D:\multi_cycle2\multi_cycle1\DisplaySync.vf" into library work
Parsing module <INV4_HXILINX_DisplaySync>.
Parsing module <D2_4E_HXILINX_DisplaySync>.
Parsing module <Mux4to1_MUSER_DisplaySync>.
Parsing module <Mux4to14b_MUSER_DisplaySync>.
Parsing module <DisplaySync>.
Analyzing Verilog file "D:\multi_cycle2\multi_cycle1\clkdiv.v" into library work
Parsing module <clkdiv>.
Analyzing Verilog file "D:\multi_cycle2\multi_cycle1\Seg7Device.v" into library work
Parsing module <Seg7Device>.
Analyzing Verilog file "D:\multi_cycle2\multi_cycle1\reg32b.v" into library work
Parsing module <REG32>.
Analyzing Verilog file "D:\multi_cycle2\multi_cycle1\reg32.v" into library work
Parsing module <Regs>.
Analyzing Verilog file "D:\multi_cycle2\multi_cycle1\MUX4_32.v" into library work
Parsing module <MUX4_32>.
Analyzing Verilog file "D:\multi_cycle2\multi_cycle1\MUX2_5.v" into library work
Parsing module <MUX2_5>.
Analyzing Verilog file "D:\multi_cycle2\multi_cycle1\Mux2_1.v" into library work
Parsing module <Mux2_1>.
Analyzing Verilog file "D:\multi_cycle2\multi_cycle1\ipcore_dir\testram.v" into library work
Parsing module <testram>.
Analyzing Verilog file "D:\multi_cycle2\multi_cycle1\extension.v" into library work
Parsing module <extension>.
Analyzing Verilog file "D:\multi_cycle2\multi_cycle1\DispNum.vf" into library work
Parsing module <INV4_HXILINX_DispNum>.
Parsing module <D2_4E_HXILINX_DispNum>.
Parsing module <Mux4to1_MUSER_DispNum>.
Parsing module <Mux4to14b_MUSER_DispNum>.
Parsing module <DisplaySync_MUSER_DispNum>.
Parsing module <DispNum>.
Analyzing Verilog file "D:\multi_cycle2\multi_cycle1\control.v" into library work
Parsing module <control>.
Analyzing Verilog file "D:\multi_cycle2\multi_cycle1\ALU.v" into library work
Parsing module <ALU>.
WARNING:HDLCompiler:751 - "D:\multi_cycle2\multi_cycle1\ALU.v" Line 29: Redeclaration of ansi port overflow is not allowed
Analyzing Verilog file "D:\multi_cycle2\multi_cycle1\top.v" into library work
Parsing module <top>.

=========================================================================
*                            HDL Elaboration                            *
=========================================================================
WARNING:HDLCompiler:1016 - "D:\multi_cycle2\multi_cycle1\top.v" Line 44: Port segment is not connected to this instance
WARNING:HDLCompiler:1016 - "D:\multi_cycle2\multi_cycle1\top.v" Line 112: Port I2 is not connected to this instance
WARNING:HDLCompiler:1016 - "D:\multi_cycle2\multi_cycle1\top.v" Line 120: Port I2 is not connected to this instance
WARNING:HDLCompiler:1016 - "D:\multi_cycle2\multi_cycle1\top.v" Line 128: Port I2 is not connected to this instance
WARNING:HDLCompiler:1016 - "D:\multi_cycle2\multi_cycle1\top.v" Line 129: Port I3 is not connected to this instance

Elaborating module <top>.

Elaborating module <clkdiv>.

Elaborating module <Mux2_1>.

Elaborating module <DispNum>.

Elaborating module <DisplaySync_MUSER_DispNum>.

Elaborating module <Mux4to14b_MUSER_DispNum>.

Elaborating module <INV>.

Elaborating module <AND2>.

Elaborating module <OR4>.

Elaborating module <Mux4to1_MUSER_DispNum>.

Elaborating module <D2_4E_HXILINX_DispNum>.

Elaborating module <VCC>.

Elaborating module <INV4_HXILINX_DispNum>.

Elaborating module <MyMC14495>.

Elaborating module <AND4>.

Elaborating module <AND3>.

Elaborating module <OR3>.

Elaborating module <OR2>.

Elaborating module <Seg7Device>.

Elaborating module <Seg7Decode>.

Elaborating module <SegmentDecoder>.

Elaborating module <Seg7Remap>.

Elaborating module <ShiftReg(WIDTH=64)>.

Elaborating module <control>.
WARNING:HDLCompiler:1127 - "D:\multi_cycle2\multi_cycle1\top.v" Line 68: Assignment to MemRead ignored, since the identifier is never used

Elaborating module <ALU>.
WARNING:HDLCompiler:91 - "D:\multi_cycle2\multi_cycle1\ALU.v" Line 44: Signal <r_and> missing in the sensitivity list is added for synthesis purposes. HDL and post-synthesis simulations may differ as a result.
WARNING:HDLCompiler:91 - "D:\multi_cycle2\multi_cycle1\ALU.v" Line 45: Signal <r_or> missing in the sensitivity list is added for synthesis purposes. HDL and post-synthesis simulations may differ as a result.
WARNING:HDLCompiler:91 - "D:\multi_cycle2\multi_cycle1\ALU.v" Line 46: Signal <r_add> missing in the sensitivity list is added for synthesis purposes. HDL and post-synthesis simulations may differ as a result.
WARNING:HDLCompiler:91 - "D:\multi_cycle2\multi_cycle1\ALU.v" Line 47: Signal <r_xor> missing in the sensitivity list is added for synthesis purposes. HDL and post-synthesis simulations may differ as a result.
WARNING:HDLCompiler:91 - "D:\multi_cycle2\multi_cycle1\ALU.v" Line 48: Signal <r_srl> missing in the sensitivity list is added for synthesis purposes. HDL and post-synthesis simulations may differ as a result.
WARNING:HDLCompiler:91 - "D:\multi_cycle2\multi_cycle1\ALU.v" Line 49: Signal <r_sub> missing in the sensitivity list is added for synthesis purposes. HDL and post-synthesis simulations may differ as a result.
WARNING:HDLCompiler:91 - "D:\multi_cycle2\multi_cycle1\ALU.v" Line 50: Signal <r_nor> missing in the sensitivity list is added for synthesis purposes. HDL and post-synthesis simulations may differ as a result.
WARNING:HDLCompiler:91 - "D:\multi_cycle2\multi_cycle1\ALU.v" Line 51: Signal <r_slt> missing in the sensitivity list is added for synthesis purposes. HDL and post-synthesis simulations may differ as a result.
WARNING:HDLCompiler:413 - "D:\multi_cycle2\multi_cycle1\ALU.v" Line 54: Result of 32-bit expression is truncated to fit in 1-bit target.

Elaborating module <REG32>.
WARNING:HDLCompiler:1127 - "D:\multi_cycle2\multi_cycle1\top.v" Line 85: Assignment to MDRdata ignored, since the identifier is never used

Elaborating module <Regs>.

Elaborating module <testram>.
WARNING:HDLCompiler:1499 - "D:\multi_cycle2\multi_cycle1\ipcore_dir\testram.v" Line 39: Empty module <testram> remains a black box.
WARNING:HDLCompiler:189 - "D:\multi_cycle2\multi_cycle1\top.v" Line 106: Size mismatch in connection of port <addra>. Formal port size is 8-bit while actual signal size is 32-bit.

Elaborating module <MUX2_5>.
WARNING:HDLCompiler:189 - "D:\multi_cycle2\multi_cycle1\top.v" Line 111: Size mismatch in connection of port <Ctrl>. Formal port size is 1-bit while actual signal size is 2-bit.

Elaborating module <MUX4_32>.
WARNING:HDLCompiler:189 - "D:\multi_cycle2\multi_cycle1\top.v" Line 112: Size mismatch in connection of port <I1>. Formal port size is 32-bit while actual signal size is 1-bit.

Elaborating module <extension>.
WARNING:HDLCompiler:634 - "D:\multi_cycle2\multi_cycle1\top.v" Line 112: Net <MDRData> does not have a driver.
WARNING:HDLCompiler:552 - "D:\multi_cycle2\multi_cycle1\top.v" Line 112: Input port I2[31] is not connected on this instance
WARNING:HDLCompiler:552 - "D:\multi_cycle2\multi_cycle1\top.v" Line 120: Input port I2[31] is not connected on this instance
WARNING:HDLCompiler:552 - "D:\multi_cycle2\multi_cycle1\top.v" Line 128: Input port I2[31] is not connected on this instance
WARNING:HDLCompiler:552 - "D:\multi_cycle2\multi_cycle1\top.v" Line 129: Input port I3[31] is not connected on this instance
WARNING:Xst:2972 - "D:\multi_cycle2\multi_cycle1\top.v" line 85. All outputs of instance <MDR> of block <REG32> are unconnected in block <top>. Underlying logic will be removed.

=========================================================================
*                           HDL Synthesis                               *
=========================================================================

Synthesizing Unit <top>.
    Related source file is "D:\multi_cycle2\multi_cycle1\top.v".
WARNING:Xst:2898 - Port 'I2', unconnected in block instance 'm1', is tied to GND.
WARNING:Xst:2898 - Port 'I3', unconnected in block instance 'm1', is tied to GND.
WARNING:Xst:2898 - Port 'I2', unconnected in block instance 'm2', is tied to GND.
WARNING:Xst:2898 - Port 'I3', unconnected in block instance 'm2', is tied to GND.
WARNING:Xst:2898 - Port 'I2', unconnected in block instance 'm4', is tied to GND.
WARNING:Xst:2898 - Port 'I3', unconnected in block instance 'm4', is tied to GND.
WARNING:Xst:2898 - Port 'I3', unconnected in block instance 'm5', is tied to GND.
WARNING:Xst:647 - Input <SW<11:7>> is never used. This port will be preserved and left unconnected if it belongs to a top-level block or it belongs to a sub-block and the hierarchy of this sub-block is preserved.
INFO:Xst:3210 - "D:\multi_cycle2\multi_cycle1\top.v" line 44: Output port <segment> of the instance <s0> is unconnected or connected to loadless signal.
INFO:Xst:3210 - "D:\multi_cycle2\multi_cycle1\top.v" line 44: Output port <anode> of the instance <s0> is unconnected or connected to loadless signal.
INFO:Xst:3210 - "D:\multi_cycle2\multi_cycle1\top.v" line 67: Output port <MemRead> of the instance <c1> is unconnected or connected to loadless signal.
INFO:Xst:3210 - "D:\multi_cycle2\multi_cycle1\top.v" line 67: Output port <CPU_MIO> of the instance <c1> is unconnected or connected to loadless signal.
INFO:Xst:3210 - "D:\multi_cycle2\multi_cycle1\top.v" line 85: Output port <Q> of the instance <MDR> is unconnected or connected to loadless signal.
WARNING:Xst:653 - Signal <MDRData> is used but never assigned. This sourceless signal will be automatically connected to value GND.
    Found 32-bit register for signal <Seg_show>.
    Found 16-bit register for signal <PCShow>.
    Found 32-bit 8-to-1 multiplexer for signal <SW[15]_regShow[31]_wide_mux_2_OUT> created at line 31.
    Summary:
	inferred  48 D-type flip-flop(s).
	inferred   2 Multiplexer(s).
Unit <top> synthesized.

Synthesizing Unit <clkdiv>.
    Related source file is "D:\multi_cycle2\multi_cycle1\clkdiv.v".
    Found 32-bit register for signal <clkdiv>.
    Found 32-bit adder for signal <clkdiv[31]_GND_2_o_add_0_OUT> created at line 30.
    Summary:
	inferred   1 Adder/Subtractor(s).
	inferred  32 D-type flip-flop(s).
Unit <clkdiv> synthesized.

Synthesizing Unit <Mux2_1>.
    Related source file is "D:\multi_cycle2\multi_cycle1\Mux2_1.v".
    Summary:
	inferred   1 Multiplexer(s).
Unit <Mux2_1> synthesized.

Synthesizing Unit <DispNum>.
    Related source file is "D:\multi_cycle2\multi_cycle1\DispNum.vf".
    Summary:
	no macro.
Unit <DispNum> synthesized.

Synthesizing Unit <DisplaySync_MUSER_DispNum>.
    Related source file is "D:\multi_cycle2\multi_cycle1\DispNum.vf".
    Set property "HU_SET = XLXI_4_4" for instance <XLXI_4>.
    Set property "HU_SET = XLXI_7_5" for instance <XLXI_7>.
    Summary:
	no macro.
Unit <DisplaySync_MUSER_DispNum> synthesized.

Synthesizing Unit <Mux4to14b_MUSER_DispNum>.
    Related source file is "D:\multi_cycle2\multi_cycle1\DispNum.vf".
    Summary:
	no macro.
Unit <Mux4to14b_MUSER_DispNum> synthesized.

Synthesizing Unit <Mux4to1_MUSER_DispNum>.
    Related source file is "D:\multi_cycle2\multi_cycle1\DispNum.vf".
    Summary:
	no macro.
Unit <Mux4to1_MUSER_DispNum> synthesized.

Synthesizing Unit <D2_4E_HXILINX_DispNum>.
    Related source file is "D:\multi_cycle2\multi_cycle1\DispNum.vf".
    Summary:
	inferred   4 Multiplexer(s).
Unit <D2_4E_HXILINX_DispNum> synthesized.

Synthesizing Unit <INV4_HXILINX_DispNum>.
    Related source file is "D:\multi_cycle2\multi_cycle1\DispNum.vf".
    Summary:
	no macro.
Unit <INV4_HXILINX_DispNum> synthesized.

Synthesizing Unit <MyMC14495>.
    Related source file is "D:\multi_cycle2\multi_cycle1\MyMC14495.vf".
    Summary:
	no macro.
Unit <MyMC14495> synthesized.

Synthesizing Unit <Seg7Device>.
    Related source file is "D:\multi_cycle2\multi_cycle1\Seg7Device.v".
    Found 4x4-bit Read Only RAM for signal <anode>
    Found 8-bit 4-to-1 multiplexer for signal <segment> created at line 36.
    Summary:
	inferred   1 RAM(s).
	inferred   1 Multiplexer(s).
Unit <Seg7Device> synthesized.

Synthesizing Unit <Seg7Decode>.
    Related source file is "D:\multi_cycle2\multi_cycle1\Seg7Decode.v".
    Summary:
	no macro.
Unit <Seg7Decode> synthesized.

Synthesizing Unit <SegmentDecoder>.
    Related source file is "D:\multi_cycle2\multi_cycle1\SegmentDecoder.v".
    Found 16x7-bit Read Only RAM for signal <segment>
    Summary:
	inferred   1 RAM(s).
Unit <SegmentDecoder> synthesized.

Synthesizing Unit <Seg7Remap>.
    Related source file is "D:\multi_cycle2\multi_cycle1\Seg7Remap.v".
    Summary:
	no macro.
Unit <Seg7Remap> synthesized.

Synthesizing Unit <ShiftReg>.
    Related source file is "D:\multi_cycle2\multi_cycle1\ShiftReg.v".
        WIDTH = 64
        DELAY = 12
    Found 1-bit register for signal <oe>.
    Found 12-bit register for signal <counter>.
    Found 65-bit register for signal <shift>.
    Found 12-bit adder for signal <counter[11]_GND_23_o_add_5_OUT> created at line 54.
    Summary:
	inferred   1 Adder/Subtractor(s).
	inferred  78 D-type flip-flop(s).
	inferred   1 Multiplexer(s).
Unit <ShiftReg> synthesized.

Synthesizing Unit <control>.
    Related source file is "D:\multi_cycle2\multi_cycle1\control.v".
        IF = 5'b00000
        signalsIF = 20'b10010100000010000000
        ID = 5'b00001
        signalsID = 20'b00000000000110000000
        ExecR = 5'b00010
        signalsExecR = 20'b00000000001000000100
        ExecMem = 5'b00011
        signalsExecMem = 20'b00000000001100000000
        ExecI = 5'b00100
        signalsExecI = 20'b00000000001100000100
        ExecBeq = 5'b00110
        signalsExecBeq = 20'b01000000011000001010
        ExecJ = 5'b01010
        signalsExecJ = 20'b10000000100000000000
        MemRD = 5'b01011
        signalsMemRD = 20'b00110000000000000001
        MemWD = 5'b01100
        signalsMemWD = 20'b00101000000000000001
        R_WB = 5'b01101
        signalsR_WB = 20'b00000000000001010000
        I_WB = 5'b01110
        signalsI_WB = 20'b00000000000001000000
        LW_WB = 5'b01111
        signalsLW_WB = 20'b00000001000001000000
        ExecSrl = 5'b10000
        signalsExecSrl = 20'b00000000001100000100
        Error = 5'b11111
        signalsError = 20'b00000000000000000000
        ExecLUi = 5'b00101
        signalsExecLUi = 20'b00000010000001000000
        ExecBne = 5'b00111
        signalsExecBne = 20'b01000000011000000010
        ExecJal = 5'b01001
        signalsExecJal = 20'b10000011100001100000
        ExecJr = 5'b01000
        signalsExecJr = 20'b10000000110000000000
WARNING:Xst:647 - Input <inst<25:6>> is never used. This port will be preserved and left unconnected if it belongs to a top-level block or it belongs to a sub-block and the hierarchy of this sub-block is preserved.
WARNING:Xst:647 - Input <zero> is never used. This port will be preserved and left unconnected if it belongs to a top-level block or it belongs to a sub-block and the hierarchy of this sub-block is preserved.
WARNING:Xst:647 - Input <overflow> is never used. This port will be preserved and left unconnected if it belongs to a top-level block or it belongs to a sub-block and the hierarchy of this sub-block is preserved.
    Found 5-bit register for signal <state>.
    Found finite state machine <FSM_0> for signal <state>.
    -----------------------------------------------------------------------
    | States             | 17                                             |
    | Transitions        | 33                                             |
    | Inputs             | 17                                             |
    | Outputs            | 23                                             |
    | Clock              | clk (rising_edge)                              |
    | Power Up State     | 00000                                          |
    | Encoding           | auto                                           |
    | Implementation     | LUT                                            |
    -----------------------------------------------------------------------
WARNING:Xst:737 - Found 1-bit latch for signal <ALU_operation<2>>. Latches may be generated from incomplete case or if statements. We do not recommend the use of latches in FPGA/CPLD designs, as they may lead to timing problems.
WARNING:Xst:737 - Found 1-bit latch for signal <ALU_operation<1>>. Latches may be generated from incomplete case or if statements. We do not recommend the use of latches in FPGA/CPLD designs, as they may lead to timing problems.
WARNING:Xst:737 - Found 1-bit latch for signal <ALU_operation<0>>. Latches may be generated from incomplete case or if statements. We do not recommend the use of latches in FPGA/CPLD designs, as they may lead to timing problems.
    Summary:
	inferred   3 Latch(s).
	inferred   2 Multiplexer(s).
	inferred   1 Finite State Machine(s).
Unit <control> synthesized.

Synthesizing Unit <ALU>.
    Related source file is "D:\multi_cycle2\multi_cycle1\ALU.v".
    Found 32-bit subtractor for signal <r_sub> created at line 39.
    Found 32-bit adder for signal <r_add> created at line 40.
    Found 32-bit 8-to-1 multiplexer for signal <result> created at line 43.
    Found 32-bit comparator greater for signal <Adat[31]_Bdat[31]_LessThan_5_o> created at line 37
    Summary:
	inferred   1 Adder/Subtractor(s).
	inferred   1 Comparator(s).
	inferred  12 Multiplexer(s).
Unit <ALU> synthesized.

Synthesizing Unit <REG32>.
    Related source file is "D:\multi_cycle2\multi_cycle1\reg32b.v".
    Found 32-bit register for signal <Q>.
    Summary:
	inferred  32 D-type flip-flop(s).
Unit <REG32> synthesized.

Synthesizing Unit <Regs>.
    Related source file is "D:\multi_cycle2\multi_cycle1\reg32.v".
    Found 992-bit register for signal <n0054[991:0]>.
    Found 32-bit 31-to-1 multiplexer for signal <R_addr_A[4]_register[31][31]_wide_mux_1_OUT> created at line 14.
    Found 32-bit 31-to-1 multiplexer for signal <R_addr_B[4]_register[31][31]_wide_mux_4_OUT> created at line 15.
    Found 32-bit 31-to-1 multiplexer for signal <Reg_Show> created at line 16.
    Summary:
	inferred 992 D-type flip-flop(s).
	inferred  36 Multiplexer(s).
Unit <Regs> synthesized.

Synthesizing Unit <MUX2_5>.
    Related source file is "D:\multi_cycle2\multi_cycle1\MUX2_5.v".
    Summary:
	inferred   1 Multiplexer(s).
Unit <MUX2_5> synthesized.

Synthesizing Unit <MUX4_32>.
    Related source file is "D:\multi_cycle2\multi_cycle1\MUX4_32.v".
    Found 32-bit 4-to-1 multiplexer for signal <o> created at line 30.
    Summary:
	inferred   1 Multiplexer(s).
Unit <MUX4_32> synthesized.

Synthesizing Unit <extension>.
    Related source file is "D:\multi_cycle2\multi_cycle1\extension.v".
    Summary:
	no macro.
Unit <extension> synthesized.

=========================================================================
HDL Synthesis Report

Macro Statistics
# RAMs                                                 : 9
 16x7-bit single-port Read Only RAM                    : 8
 4x4-bit single-port Read Only RAM                     : 1
# Adders/Subtractors                                   : 4
 12-bit adder                                          : 1
 32-bit adder                                          : 2
 32-bit addsub                                         : 1
# Registers                                            : 11
 1-bit register                                        : 1
 12-bit register                                       : 1
 16-bit register                                       : 1
 32-bit register                                       : 6
 65-bit register                                       : 1
 992-bit register                                      : 1
# Latches                                              : 3
 1-bit latch                                           : 3
# Comparators                                          : 1
 32-bit comparator greater                             : 1
# Multiplexers                                         : 65
 1-bit 2-to-1 multiplexer                              : 7
 16-bit 2-to-1 multiplexer                             : 1
 32-bit 2-to-1 multiplexer                             : 45
 32-bit 31-to-1 multiplexer                            : 3
 32-bit 4-to-1 multiplexer                             : 5
 32-bit 8-to-1 multiplexer                             : 1
 5-bit 2-to-1 multiplexer                              : 1
 65-bit 2-to-1 multiplexer                             : 1
 8-bit 4-to-1 multiplexer                              : 1
# FSMs                                                 : 1
# Xors                                                 : 1
 32-bit xor2                                           : 1

=========================================================================
INFO:Xst:1767 - HDL ADVISOR - Resource sharing has identified that some arithmetic operations in this design can share the same physical resources for reduced device utilization. For improved clock frequency you may try to disable resource sharing.

=========================================================================
*                       Advanced HDL Synthesis                          *
=========================================================================

Reading core <ipcore_dir/testram.ngc>.
Loading core <testram> for timing and area information for instance <r0>.
WARNING:Xst:1290 - Hierarchical block <U1> is unconnected in block <s0>.
   It will be removed from the design.

Synthesizing (advanced) Unit <Seg7Device>.
INFO:Xst:3218 - HDL ADVISOR - The RAM <Mram_anode> will be implemented on LUTs either because you have described an asynchronous read or because of currently unsupported block RAM features. If you have described an asynchronous read, making it synchronous would allow you to take advantage of available block RAM resources, for optimized device usage and improved timings. Please refer to your documentation for coding guidelines.
    -----------------------------------------------------------------------
    | ram_type           | Distributed                         |          |
    -----------------------------------------------------------------------
    | Port A                                                              |
    |     aspect ratio   | 4-word x 4-bit                      |          |
    |     weA            | connected to signal <GND>           | high     |
    |     addrA          | connected to signal <clkScan>       |          |
    |     diA            | connected to signal <GND>           |          |
    |     doA            | connected to signal <anode>         |          |
    -----------------------------------------------------------------------
Unit <Seg7Device> synthesized (advanced).

Synthesizing (advanced) Unit <SegmentDecoder>.
INFO:Xst:3231 - The small RAM <Mram_segment> will be implemented on LUTs in order to maximize performance and save block RAM resources. If you want to force its implementation on block, use option/constraint ram_style.
    -----------------------------------------------------------------------
    | ram_type           | Distributed                         |          |
    -----------------------------------------------------------------------
    | Port A                                                              |
    |     aspect ratio   | 16-word x 7-bit                     |          |
    |     weA            | connected to signal <GND>           | high     |
    |     addrA          | connected to signal <hex>           |          |
    |     diA            | connected to signal <GND>           |          |
    |     doA            | connected to signal <segment>       |          |
    -----------------------------------------------------------------------
Unit <SegmentDecoder> synthesized (advanced).

Synthesizing (advanced) Unit <ShiftReg>.
The following registers are absorbed into counter <counter>: 1 register on signal <counter>.
Unit <ShiftReg> synthesized (advanced).

Synthesizing (advanced) Unit <clkdiv>.
The following registers are absorbed into counter <clkdiv>: 1 register on signal <clkdiv>.
Unit <clkdiv> synthesized (advanced).

=========================================================================
Advanced HDL Synthesis Report

Macro Statistics
# RAMs                                                 : 9
 16x7-bit single-port distributed Read Only RAM        : 8
 4x4-bit single-port distributed Read Only RAM         : 1
# Adders/Subtractors                                   : 1
 32-bit addsub                                         : 1
# Counters                                             : 3
 12-bit up counter                                     : 1
 32-bit up counter                                     : 2
# Registers                                            : 1202
 Flip-Flops                                            : 1202
# Comparators                                          : 1
 32-bit comparator greater                             : 1
# Multiplexers                                         : 129
 1-bit 2-to-1 multiplexer                              : 72
 16-bit 2-to-1 multiplexer                             : 1
 32-bit 2-to-1 multiplexer                             : 45
 32-bit 31-to-1 multiplexer                            : 3
 32-bit 4-to-1 multiplexer                             : 5
 32-bit 8-to-1 multiplexer                             : 1
 5-bit 2-to-1 multiplexer                              : 1
 8-bit 4-to-1 multiplexer                              : 1
# FSMs                                                 : 1
# Xors                                                 : 1
 32-bit xor2                                           : 1

=========================================================================

=========================================================================
*                         Low Level Synthesis                           *
=========================================================================
INFO:Xst:2146 - In block <top>, Counter <c0/clkdiv> <m6/XLXI_4/clkdiv> are equivalent, XST will keep only <c0/clkdiv>.
Analyzing FSM <MFsm> for best encoding.
Optimizing FSM <c1/FSM_0> on signal <state[1:17]> with one-hot encoding.
----------------------------
 State | Encoding
----------------------------
 00000 | 00000000000000001
 00001 | 00000000000000010
 10000 | 00000000000000100
 01000 | 00000000000001000
 00010 | 00000000000010000
 00011 | 00000000000100000
 00110 | 00000000001000000
 00111 | 00000000010000000
 00100 | 00000000100000000
 00101 | 00000001000000000
 01010 | 00000010000000000
 01001 | 00000100000000000
 11111 | 00001000000000000
 01101 | 00010000000000000
 01011 | 00100000000000000
 01110 | 01000000000000000
 01111 | 10000000000000000
----------------------------
WARNING:Xst:2677 - Node <c0/clkdiv_26> of sequential type is unconnected in block <top>.
WARNING:Xst:2677 - Node <c0/clkdiv_27> of sequential type is unconnected in block <top>.
WARNING:Xst:2677 - Node <c0/clkdiv_28> of sequential type is unconnected in block <top>.
WARNING:Xst:2677 - Node <c0/clkdiv_29> of sequential type is unconnected in block <top>.
WARNING:Xst:2677 - Node <c0/clkdiv_30> of sequential type is unconnected in block <top>.
WARNING:Xst:2677 - Node <c0/clkdiv_31> of sequential type is unconnected in block <top>.

Optimizing unit <Mux4to14b_MUSER_DispNum> ...

Optimizing unit <MyMC14495> ...

Optimizing unit <REG32> ...

Optimizing unit <top> ...

Optimizing unit <D2_4E_HXILINX_DispNum> ...

Optimizing unit <INV4_HXILINX_DispNum> ...

Optimizing unit <Regs> ...

Optimizing unit <Seg7Device> ...

Optimizing unit <ShiftReg> ...

Optimizing unit <control> ...

Optimizing unit <ALU> ...
WARNING:Xst:2677 - Node <c0/clkdiv_25> of sequential type is unconnected in block <top>.

Mapping all equations...
Building and optimizing final netlist ...
Found area constraint ratio of 100 (+ 5) on block top, actual ratio is 3.
FlipFlop IR/Q_16 has been replicated 2 time(s)
FlipFlop IR/Q_17 has been replicated 2 time(s)
FlipFlop IR/Q_19 has been replicated 1 time(s)
FlipFlop IR/Q_20 has been replicated 1 time(s)
FlipFlop IR/Q_21 has been replicated 1 time(s)
FlipFlop IR/Q_22 has been replicated 2 time(s)
FlipFlop IR/Q_25 has been replicated 1 time(s)
FlipFlop c1/state_FSM_FFd16 has been replicated 2 time(s)

Final Macro Processing ...

=========================================================================
Final Register Report

Macro Statistics
# Registers                                            : 1268
 Flip-Flops                                            : 1268

=========================================================================

=========================================================================
*                           Partition Report                            *
=========================================================================

Partition Implementation Status
-------------------------------

  No Partitions were found in this design.

-------------------------------

=========================================================================
*                            Design Summary                             *
=========================================================================

Top Level Output File Name         : top.ngc

Primitive and Black Box Usage:
------------------------------
# BELS                             : 2815
#      AND2                        : 37
#      AND3                        : 11
#      AND4                        : 9
#      GND                         : 2
#      INV                         : 18
#      LUT1                        : 35
#      LUT2                        : 19
#      LUT3                        : 65
#      LUT4                        : 38
#      LUT5                        : 238
#      LUT6                        : 2124
#      MUXCY                       : 93
#      MUXF7                       : 35
#      OR2                         : 7
#      OR3                         : 3
#      OR4                         : 10
#      VCC                         : 2
#      XORCY                       : 69
# FlipFlops/Latches                : 1271
#      FD                          : 156
#      FDE                         : 1112
#      LD                          : 3
# RAMS                             : 1
#      RAMB18E1                    : 1
# Clock Buffers                    : 3
#      BUFG                        : 2
#      BUFGP                       : 1
# IO Buffers                       : 28
#      IBUF                        : 12
#      OBUF                        : 16

Device utilization summary:
---------------------------

Selected Device : 7k160tffg676-1 


Slice Logic Utilization: 
 Number of Slice Registers:            1271  out of  202800     0%  
 Number of Slice LUTs:                 2537  out of  101400     2%  
    Number used as Logic:              2537  out of  101400     2%  

Slice Logic Distribution: 
 Number of LUT Flip Flop pairs used:   3309
   Number with an unused Flip Flop:    2038  out of   3309    61%  
   Number with an unused LUT:           772  out of   3309    23%  
   Number of fully used LUT-FF pairs:   499  out of   3309    15%  
   Number of unique control sets:         7

IO Utilization: 
 Number of IOs:                          34
 Number of bonded IOBs:                  29  out of    400     7%  

Specific Feature Utilization:
 Number of Block RAM/FIFO:                1  out of    325     0%  
    Number using Block RAM only:          1
 Number of BUFG/BUFGCTRLs:                3  out of     32     9%  

---------------------------
Partition Resource Summary:
---------------------------

  No Partitions were found in this design.

---------------------------


=========================================================================
Timing Report

NOTE: THESE TIMING NUMBERS ARE ONLY A SYNTHESIS ESTIMATE.
      FOR ACCURATE TIMING INFORMATION PLEASE REFER TO THE TRACE REPORT
      GENERATED AFTER PLACE-and-ROUTE.

Clock Information:
------------------
--------------------------------------------------------------+----------------------------+-------+
Clock Signal                                                  | Clock buffer(FF name)      | Load  |
--------------------------------------------------------------+----------------------------+-------+
clk                                                           | BUFGP                      | 73    |
clk_div<24>1(mux2_1/Mmux_ctrlOut11:O)                         | BUFG(*)(R1/register_31_991)| 1118  |
c0/clkdiv_3                                                   | BUFG                       | 78    |
c1/ALUop[1]_GND_25_o_Mux_63_o(c1/ALUop[1]_GND_25_o_Mux_63_o:O)| NONE(*)(c1/ALU_operation_0)| 3     |
--------------------------------------------------------------+----------------------------+-------+
(*) These 2 clock signal(s) are generated by combinatorial logic,
and XST is not able to identify which are the primary clock signals.
Please use the CLOCK_SIGNAL constraint to specify the clock signal(s) generated by combinatorial logic.
INFO:Xst:2169 - HDL ADVISOR - Some clock signals were not automatically buffered by XST with BUFG/BUFR resources. Please use the buffer_type constraint in order to insert these buffers to the clock signals to help prevent skew problems.

Asynchronous Control Signals Information:
----------------------------------------
No asynchronous control signals found in this design

Timing Summary:
---------------
Speed Grade: -1

   Minimum period: 7.257ns (Maximum Frequency: 137.807MHz)
   Minimum input arrival time before clock: 2.986ns
   Maximum output required time after clock: 7.246ns
   Maximum combinational path delay: No path found

Timing Details:
---------------
All values displayed in nanoseconds (ns)

=========================================================================
Timing constraint: Default period analysis for Clock 'clk_div<24>1'
  Clock period: 7.257ns (frequency: 137.807MHz)
  Total number of paths / destination ports: 26062976 / 2199
-------------------------------------------------------------------------
Delay:               7.257ns (Levels of Logic = 55)
  Source:            R1/register_31_224 (FF)
  Destination:       PCR/Q_31 (FF)
  Source Clock:      clk_div<24>1 rising
  Destination Clock: clk_div<24>1 rising

  Data Path: R1/register_31_224 to PCR/Q_31
                                Gate     Net
    Cell:in->out      fanout   Delay   Delay  Logical Name (Net Name)
    ----------------------------------------  ------------
     FDE:C->Q              4   0.282   0.759  R1/register_31_224 (R1/register_31_224)
     LUT6:I0->O            1   0.053   0.635  R1/Mmux_R_addr_B[4]_register[31][31]_wide_mux_4_OUT_81 (R1/Mmux_R_addr_B[4]_register[31][31]_wide_mux_4_OUT_81)
     LUT6:I2->O            1   0.053   0.485  R1/Mmux_R_addr_B[4]_register[31][31]_wide_mux_4_OUT_3 (R1/Mmux_R_addr_B[4]_register[31][31]_wide_mux_4_OUT_3)
     LUT6:I4->O           10   0.053   0.694  m3/Mmux_o11 (B<0>)
     LUT4:I0->O            1   0.053   0.000  a0/Mcompar_Adat[31]_Bdat[31]_LessThan_5_o_lut<0> (a0/Mcompar_Adat[31]_Bdat[31]_LessThan_5_o_lut<0>)
     MUXCY:S->O            1   0.291   0.000  a0/Mcompar_Adat[31]_Bdat[31]_LessThan_5_o_cy<0> (a0/Mcompar_Adat[31]_Bdat[31]_LessThan_5_o_cy<0>)
     MUXCY:CI->O           1   0.015   0.000  a0/Mcompar_Adat[31]_Bdat[31]_LessThan_5_o_cy<1> (a0/Mcompar_Adat[31]_Bdat[31]_LessThan_5_o_cy<1>)
     MUXCY:CI->O           1   0.015   0.000  a0/Mcompar_Adat[31]_Bdat[31]_LessThan_5_o_cy<2> (a0/Mcompar_Adat[31]_Bdat[31]_LessThan_5_o_cy<2>)
     MUXCY:CI->O           1   0.015   0.000  a0/Mcompar_Adat[31]_Bdat[31]_LessThan_5_o_cy<3> (a0/Mcompar_Adat[31]_Bdat[31]_LessThan_5_o_cy<3>)
     MUXCY:CI->O           1   0.015   0.000  a0/Mcompar_Adat[31]_Bdat[31]_LessThan_5_o_cy<4> (a0/Mcompar_Adat[31]_Bdat[31]_LessThan_5_o_cy<4>)
     MUXCY:CI->O           1   0.015   0.000  a0/Mcompar_Adat[31]_Bdat[31]_LessThan_5_o_cy<5> (a0/Mcompar_Adat[31]_Bdat[31]_LessThan_5_o_cy<5>)
     MUXCY:CI->O           1   0.015   0.000  a0/Mcompar_Adat[31]_Bdat[31]_LessThan_5_o_cy<6> (a0/Mcompar_Adat[31]_Bdat[31]_LessThan_5_o_cy<6>)
     MUXCY:CI->O           1   0.015   0.000  a0/Mcompar_Adat[31]_Bdat[31]_LessThan_5_o_cy<7> (a0/Mcompar_Adat[31]_Bdat[31]_LessThan_5_o_cy<7>)
     MUXCY:CI->O           1   0.015   0.000  a0/Mcompar_Adat[31]_Bdat[31]_LessThan_5_o_cy<8> (a0/Mcompar_Adat[31]_Bdat[31]_LessThan_5_o_cy<8>)
     MUXCY:CI->O           1   0.015   0.000  a0/Mcompar_Adat[31]_Bdat[31]_LessThan_5_o_cy<9> (a0/Mcompar_Adat[31]_Bdat[31]_LessThan_5_o_cy<9>)
     MUXCY:CI->O           1   0.015   0.000  a0/Mcompar_Adat[31]_Bdat[31]_LessThan_5_o_cy<10> (a0/Mcompar_Adat[31]_Bdat[31]_LessThan_5_o_cy<10>)
     MUXCY:CI->O           1   0.015   0.000  a0/Mcompar_Adat[31]_Bdat[31]_LessThan_5_o_cy<11> (a0/Mcompar_Adat[31]_Bdat[31]_LessThan_5_o_cy<11>)
     MUXCY:CI->O           1   0.015   0.000  a0/Mcompar_Adat[31]_Bdat[31]_LessThan_5_o_cy<12> (a0/Mcompar_Adat[31]_Bdat[31]_LessThan_5_o_cy<12>)
     MUXCY:CI->O           1   0.015   0.000  a0/Mcompar_Adat[31]_Bdat[31]_LessThan_5_o_cy<13> (a0/Mcompar_Adat[31]_Bdat[31]_LessThan_5_o_cy<13>)
     MUXCY:CI->O           1   0.015   0.000  a0/Mcompar_Adat[31]_Bdat[31]_LessThan_5_o_cy<14> (a0/Mcompar_Adat[31]_Bdat[31]_LessThan_5_o_cy<14>)
     MUXCY:CI->O           2   0.178   0.419  a0/Mcompar_Adat[31]_Bdat[31]_LessThan_5_o_cy<15> (a0/Mcompar_Adat[31]_Bdat[31]_LessThan_5_o_cy<15>)
     LUT6:I5->O            1   0.053   0.000  a0/Mmux_result7_rs_lut<0> (a0/Mmux_result7_rs_lut<0>)
     MUXCY:S->O            1   0.291   0.000  a0/Mmux_result7_rs_cy<0> (a0/Mmux_result7_rs_cy<0>)
     MUXCY:CI->O           1   0.015   0.000  a0/Mmux_result7_rs_cy<1> (a0/Mmux_result7_rs_cy<1>)
     MUXCY:CI->O           1   0.015   0.000  a0/Mmux_result7_rs_cy<2> (a0/Mmux_result7_rs_cy<2>)
     MUXCY:CI->O           1   0.015   0.000  a0/Mmux_result7_rs_cy<3> (a0/Mmux_result7_rs_cy<3>)
     MUXCY:CI->O           1   0.015   0.000  a0/Mmux_result7_rs_cy<4> (a0/Mmux_result7_rs_cy<4>)
     MUXCY:CI->O           1   0.015   0.000  a0/Mmux_result7_rs_cy<5> (a0/Mmux_result7_rs_cy<5>)
     MUXCY:CI->O           1   0.015   0.000  a0/Mmux_result7_rs_cy<6> (a0/Mmux_result7_rs_cy<6>)
     MUXCY:CI->O           1   0.015   0.000  a0/Mmux_result7_rs_cy<7> (a0/Mmux_result7_rs_cy<7>)
     MUXCY:CI->O           1   0.015   0.000  a0/Mmux_result7_rs_cy<8> (a0/Mmux_result7_rs_cy<8>)
     MUXCY:CI->O           1   0.015   0.000  a0/Mmux_result7_rs_cy<9> (a0/Mmux_result7_rs_cy<9>)
     MUXCY:CI->O           1   0.015   0.000  a0/Mmux_result7_rs_cy<10> (a0/Mmux_result7_rs_cy<10>)
     MUXCY:CI->O           1   0.015   0.000  a0/Mmux_result7_rs_cy<11> (a0/Mmux_result7_rs_cy<11>)
     MUXCY:CI->O           1   0.015   0.000  a0/Mmux_result7_rs_cy<12> (a0/Mmux_result7_rs_cy<12>)
     MUXCY:CI->O           1   0.015   0.000  a0/Mmux_result7_rs_cy<13> (a0/Mmux_result7_rs_cy<13>)
     MUXCY:CI->O           1   0.015   0.000  a0/Mmux_result7_rs_cy<14> (a0/Mmux_result7_rs_cy<14>)
     MUXCY:CI->O           1   0.015   0.000  a0/Mmux_result7_rs_cy<15> (a0/Mmux_result7_rs_cy<15>)
     MUXCY:CI->O           1   0.015   0.000  a0/Mmux_result7_rs_cy<16> (a0/Mmux_result7_rs_cy<16>)
     MUXCY:CI->O           1   0.015   0.000  a0/Mmux_result7_rs_cy<17> (a0/Mmux_result7_rs_cy<17>)
     MUXCY:CI->O           1   0.015   0.000  a0/Mmux_result7_rs_cy<18> (a0/Mmux_result7_rs_cy<18>)
     MUXCY:CI->O           1   0.015   0.000  a0/Mmux_result7_rs_cy<19> (a0/Mmux_result7_rs_cy<19>)
     MUXCY:CI->O           1   0.015   0.000  a0/Mmux_result7_rs_cy<20> (a0/Mmux_result7_rs_cy<20>)
     MUXCY:CI->O           1   0.015   0.000  a0/Mmux_result7_rs_cy<21> (a0/Mmux_result7_rs_cy<21>)
     MUXCY:CI->O           1   0.015   0.000  a0/Mmux_result7_rs_cy<22> (a0/Mmux_result7_rs_cy<22>)
     MUXCY:CI->O           1   0.015   0.000  a0/Mmux_result7_rs_cy<23> (a0/Mmux_result7_rs_cy<23>)
     MUXCY:CI->O           1   0.015   0.000  a0/Mmux_result7_rs_cy<24> (a0/Mmux_result7_rs_cy<24>)
     MUXCY:CI->O           1   0.015   0.000  a0/Mmux_result7_rs_cy<25> (a0/Mmux_result7_rs_cy<25>)
     MUXCY:CI->O           1   0.015   0.000  a0/Mmux_result7_rs_cy<26> (a0/Mmux_result7_rs_cy<26>)
     MUXCY:CI->O           1   0.015   0.000  a0/Mmux_result7_rs_cy<27> (a0/Mmux_result7_rs_cy<27>)
     MUXCY:CI->O           1   0.015   0.000  a0/Mmux_result7_rs_cy<28> (a0/Mmux_result7_rs_cy<28>)
     MUXCY:CI->O           1   0.015   0.000  a0/Mmux_result7_rs_cy<29> (a0/Mmux_result7_rs_cy<29>)
     XORCY:CI->O           4   0.320   0.622  a0/Mmux_result7_rs_xor<30> (result<30>)
     LUT3:I0->O            1   0.053   0.635  s37 (s37)
     LUT6:I2->O           32   0.053   0.566  s310 (s3)
     LUT3:I2->O            1   0.053   0.000  PCR/Q_27_rstpot (PCR/Q_27_rstpot)
     FD:D                      0.011          PCR/Q_27
    ----------------------------------------
    Total                      7.257ns (2.442ns logic, 4.815ns route)
                                       (33.7% logic, 66.3% route)

=========================================================================
Timing constraint: Default period analysis for Clock 'c0/clkdiv_3'
  Clock period: 3.054ns (frequency: 327.444MHz)
  Total number of paths / destination ports: 10086 / 156
-------------------------------------------------------------------------
Delay:               3.054ns (Levels of Logic = 12)
  Source:            s0/U2/shift_45 (FF)
  Destination:       s0/U2/shift_64 (FF)
  Source Clock:      c0/clkdiv_3 rising
  Destination Clock: c0/clkdiv_3 rising

  Data Path: s0/U2/shift_45 to s0/U2/shift_64
                                Gate     Net
    Cell:in->out      fanout   Delay   Delay  Logical Name (Net Name)
    ----------------------------------------  ------------
     FDE:C->Q              2   0.282   0.745  s0/U2/shift_45 (s0/U2/shift_45)
     LUT6:I0->O            1   0.053   0.000  s0/U2/out1_wg_lut<1> (s0/U2/out1_wg_lut<1>)
     MUXCY:S->O            1   0.291   0.000  s0/U2/out1_wg_cy<1> (s0/U2/out1_wg_cy<1>)
     MUXCY:CI->O           1   0.015   0.000  s0/U2/out1_wg_cy<2> (s0/U2/out1_wg_cy<2>)
     MUXCY:CI->O           1   0.015   0.000  s0/U2/out1_wg_cy<3> (s0/U2/out1_wg_cy<3>)
     MUXCY:CI->O           1   0.015   0.000  s0/U2/out1_wg_cy<4> (s0/U2/out1_wg_cy<4>)
     MUXCY:CI->O           1   0.015   0.000  s0/U2/out1_wg_cy<5> (s0/U2/out1_wg_cy<5>)
     MUXCY:CI->O           1   0.015   0.000  s0/U2/out1_wg_cy<6> (s0/U2/out1_wg_cy<6>)
     MUXCY:CI->O           1   0.015   0.000  s0/U2/out1_wg_cy<7> (s0/U2/out1_wg_cy<7>)
     MUXCY:CI->O           1   0.015   0.000  s0/U2/out1_wg_cy<8> (s0/U2/out1_wg_cy<8>)
     MUXCY:CI->O           1   0.015   0.000  s0/U2/out1_wg_cy<9> (s0/U2/out1_wg_cy<9>)
     MUXCY:CI->O          67   0.178   0.573  s0/U2/out1_wg_cy<10> (s0/U2/sckEn)
     LUT3:I2->O           65   0.053   0.559  s0/U2/_n0033_inv1 (s0/U2/_n0033_inv)
     FDE:CE                    0.200          s0/U2/shift_0
    ----------------------------------------
    Total                      3.054ns (1.177ns logic, 1.877ns route)
                                       (38.5% logic, 61.5% route)

=========================================================================
Timing constraint: Default period analysis for Clock 'clk'
  Clock period: 1.715ns (frequency: 583.090MHz)
  Total number of paths / destination ports: 325 / 25
-------------------------------------------------------------------------
Delay:               1.715ns (Levels of Logic = 26)
  Source:            c0/clkdiv_0 (FF)
  Destination:       c0/clkdiv_24 (FF)
  Source Clock:      clk rising
  Destination Clock: clk rising

  Data Path: c0/clkdiv_0 to c0/clkdiv_24
                                Gate     Net
    Cell:in->out      fanout   Delay   Delay  Logical Name (Net Name)
    ----------------------------------------  ------------
     FD:C->Q               1   0.282   0.399  c0/clkdiv_0 (c0/clkdiv_0)
     INV:I->O              1   0.067   0.000  c0/Mcount_clkdiv_lut<0>_INV_0 (c0/Mcount_clkdiv_lut<0>)
     MUXCY:S->O            1   0.291   0.000  c0/Mcount_clkdiv_cy<0> (c0/Mcount_clkdiv_cy<0>)
     MUXCY:CI->O           1   0.015   0.000  c0/Mcount_clkdiv_cy<1> (c0/Mcount_clkdiv_cy<1>)
     MUXCY:CI->O           1   0.015   0.000  c0/Mcount_clkdiv_cy<2> (c0/Mcount_clkdiv_cy<2>)
     MUXCY:CI->O           1   0.015   0.000  c0/Mcount_clkdiv_cy<3> (c0/Mcount_clkdiv_cy<3>)
     MUXCY:CI->O           1   0.015   0.000  c0/Mcount_clkdiv_cy<4> (c0/Mcount_clkdiv_cy<4>)
     MUXCY:CI->O           1   0.015   0.000  c0/Mcount_clkdiv_cy<5> (c0/Mcount_clkdiv_cy<5>)
     MUXCY:CI->O           1   0.015   0.000  c0/Mcount_clkdiv_cy<6> (c0/Mcount_clkdiv_cy<6>)
     MUXCY:CI->O           1   0.015   0.000  c0/Mcount_clkdiv_cy<7> (c0/Mcount_clkdiv_cy<7>)
     MUXCY:CI->O           1   0.015   0.000  c0/Mcount_clkdiv_cy<8> (c0/Mcount_clkdiv_cy<8>)
     MUXCY:CI->O           1   0.015   0.000  c0/Mcount_clkdiv_cy<9> (c0/Mcount_clkdiv_cy<9>)
     MUXCY:CI->O           1   0.015   0.000  c0/Mcount_clkdiv_cy<10> (c0/Mcount_clkdiv_cy<10>)
     MUXCY:CI->O           1   0.015   0.000  c0/Mcount_clkdiv_cy<11> (c0/Mcount_clkdiv_cy<11>)
     MUXCY:CI->O           1   0.015   0.000  c0/Mcount_clkdiv_cy<12> (c0/Mcount_clkdiv_cy<12>)
     MUXCY:CI->O           1   0.015   0.000  c0/Mcount_clkdiv_cy<13> (c0/Mcount_clkdiv_cy<13>)
     MUXCY:CI->O           1   0.015   0.000  c0/Mcount_clkdiv_cy<14> (c0/Mcount_clkdiv_cy<14>)
     MUXCY:CI->O           1   0.015   0.000  c0/Mcount_clkdiv_cy<15> (c0/Mcount_clkdiv_cy<15>)
     MUXCY:CI->O           1   0.015   0.000  c0/Mcount_clkdiv_cy<16> (c0/Mcount_clkdiv_cy<16>)
     MUXCY:CI->O           1   0.015   0.000  c0/Mcount_clkdiv_cy<17> (c0/Mcount_clkdiv_cy<17>)
     MUXCY:CI->O           1   0.015   0.000  c0/Mcount_clkdiv_cy<18> (c0/Mcount_clkdiv_cy<18>)
     MUXCY:CI->O           1   0.015   0.000  c0/Mcount_clkdiv_cy<19> (c0/Mcount_clkdiv_cy<19>)
     MUXCY:CI->O           1   0.015   0.000  c0/Mcount_clkdiv_cy<20> (c0/Mcount_clkdiv_cy<20>)
     MUXCY:CI->O           1   0.015   0.000  c0/Mcount_clkdiv_cy<21> (c0/Mcount_clkdiv_cy<21>)
     MUXCY:CI->O           1   0.015   0.000  c0/Mcount_clkdiv_cy<22> (c0/Mcount_clkdiv_cy<22>)
     MUXCY:CI->O           0   0.015   0.000  c0/Mcount_clkdiv_cy<23> (c0/Mcount_clkdiv_cy<23>)
     XORCY:CI->O           1   0.320   0.000  c0/Mcount_clkdiv_xor<24> (Result<24>)
     FD:D                      0.011          c0/clkdiv_24
    ----------------------------------------
    Total                      1.715ns (1.316ns logic, 0.399ns route)
                                       (76.7% logic, 23.3% route)

=========================================================================
Timing constraint: Default OFFSET IN BEFORE for Clock 'clk'
  Total number of paths / destination ports: 851 / 48
-------------------------------------------------------------------------
Offset:              2.986ns (Levels of Logic = 6)
  Source:            SW<1> (PAD)
  Destination:       Seg_show_3 (FF)
  Destination Clock: clk rising

  Data Path: SW<1> to Seg_show_3
                                Gate     Net
    Cell:in->out      fanout   Delay   Delay  Logical Name (Net Name)
    ----------------------------------------  ------------
     IBUF:I->O           256   0.000   0.941  SW_1_IBUF (SW_1_IBUF)
     LUT6:I0->O            1   0.053   0.635  R1/Mmux_Reg_Show_876 (R1/Mmux_Reg_Show_876)
     LUT6:I2->O            1   0.053   0.000  R1/Mmux_Reg_Show_325 (R1/Mmux_Reg_Show_325)
     MUXF7:I1->O           1   0.217   0.485  R1/Mmux_Reg_Show_2_f7_24 (regShow<3>)
     LUT6:I4->O            1   0.053   0.485  Mmux_SW[15]_regShow[31]_wide_mux_2_OUT262 (Mmux_SW[15]_regShow[31]_wide_mux_2_OUT261)
     LUT2:I0->O            1   0.053   0.000  Mmux_SW[15]_regShow[31]_wide_mux_2_OUT264 (SW[15]_regShow[31]_wide_mux_2_OUT<3>)
     FD:D                      0.011          Seg_show_3
    ----------------------------------------
    Total                      2.986ns (0.440ns logic, 2.546ns route)
                                       (14.7% logic, 85.3% route)

=========================================================================
Timing constraint: Default OFFSET OUT AFTER for Clock 'clk'
  Total number of paths / destination ports: 1105 / 13
-------------------------------------------------------------------------
Offset:              7.246ns (Levels of Logic = 9)
  Source:            c0/clkdiv_17 (FF)
  Destination:       SEGMENT<5> (PAD)
  Source Clock:      clk rising

  Data Path: c0/clkdiv_17 to SEGMENT<5>
                                Gate     Net
    Cell:in->out      fanout   Delay   Delay  Logical Name (Net Name)
    ----------------------------------------  ------------
     FD:C->Q              14   0.282   0.484  c0/clkdiv_17 (c0/clkdiv_17)
     INV:I->O              2   0.393   0.731  m6/XLXI_2/XLXI_1/XLXI_2 (m6/XLXI_2/XLXI_1/XLXN_9)
     AND2:I1->O            4   0.067   0.745  m6/XLXI_2/XLXI_1/XLXI_8 (m6/XLXI_2/XLXI_1/XLXN_24)
     AND2:I1->O            1   0.067   0.725  m6/XLXI_2/XLXI_1/XLXI_16 (m6/XLXI_2/XLXI_1/XLXN_63)
     OR4:I1->O            11   0.067   0.465  m6/XLXI_2/XLXI_1/XLXI_28 (m6/HEX<1>)
     INV:I->O              8   0.393   0.681  m6/XLXI_3/XLXI_3 (m6/XLXI_3/XLXN_17)
     AND4:I2->O            2   0.157   0.608  m6/XLXI_3/XLXI_5 (m6/XLXI_3/XLXN_25)
     OR4:I3->O             1   0.190   0.725  m6/XLXI_3/XLXI_100 (m6/XLXI_3/XLXN_30)
     OR2:I1->O             1   0.067   0.399  m6/XLXI_3/XLXI_107 (SEGMENT_0_OBUF)
     OBUF:I->O                 0.000          SEGMENT_0_OBUF (SEGMENT<0>)
    ----------------------------------------
    Total                      7.246ns (1.683ns logic, 5.563ns route)
                                       (23.2% logic, 76.8% route)

=========================================================================
Timing constraint: Default OFFSET OUT AFTER for Clock 'c0/clkdiv_3'
  Total number of paths / destination ports: 66 / 3
-------------------------------------------------------------------------
Offset:              2.694ns (Levels of Logic = 13)
  Source:            s0/U2/shift_45 (FF)
  Destination:       SEGLED_CLK (PAD)
  Source Clock:      c0/clkdiv_3 rising

  Data Path: s0/U2/shift_45 to SEGLED_CLK
                                Gate     Net
    Cell:in->out      fanout   Delay   Delay  Logical Name (Net Name)
    ----------------------------------------  ------------
     FDE:C->Q              2   0.282   0.745  s0/U2/shift_45 (s0/U2/shift_45)
     LUT6:I0->O            1   0.053   0.000  s0/U2/out1_wg_lut<1> (s0/U2/out1_wg_lut<1>)
     MUXCY:S->O            1   0.291   0.000  s0/U2/out1_wg_cy<1> (s0/U2/out1_wg_cy<1>)
     MUXCY:CI->O           1   0.015   0.000  s0/U2/out1_wg_cy<2> (s0/U2/out1_wg_cy<2>)
     MUXCY:CI->O           1   0.015   0.000  s0/U2/out1_wg_cy<3> (s0/U2/out1_wg_cy<3>)
     MUXCY:CI->O           1   0.015   0.000  s0/U2/out1_wg_cy<4> (s0/U2/out1_wg_cy<4>)
     MUXCY:CI->O           1   0.015   0.000  s0/U2/out1_wg_cy<5> (s0/U2/out1_wg_cy<5>)
     MUXCY:CI->O           1   0.015   0.000  s0/U2/out1_wg_cy<6> (s0/U2/out1_wg_cy<6>)
     MUXCY:CI->O           1   0.015   0.000  s0/U2/out1_wg_cy<7> (s0/U2/out1_wg_cy<7>)
     MUXCY:CI->O           1   0.015   0.000  s0/U2/out1_wg_cy<8> (s0/U2/out1_wg_cy<8>)
     MUXCY:CI->O           1   0.015   0.000  s0/U2/out1_wg_cy<9> (s0/U2/out1_wg_cy<9>)
     MUXCY:CI->O          67   0.178   0.573  s0/U2/out1_wg_cy<10> (s0/U2/sckEn)
     LUT2:I1->O            1   0.053   0.399  s0/U2/sck1 (SEGLED_CLK_OBUF)
     OBUF:I->O                 0.000          SEGLED_CLK_OBUF (SEGLED_CLK)
    ----------------------------------------
    Total                      2.694ns (0.977ns logic, 1.717ns route)
                                       (36.3% logic, 63.7% route)

=========================================================================

Cross Clock Domains Report:
--------------------------

Clock to Setup on destination clock c0/clkdiv_3
---------------+---------+---------+---------+---------+
               | Src:Rise| Src:Fall| Src:Rise| Src:Fall|
Source Clock   |Dest:Rise|Dest:Rise|Dest:Fall|Dest:Fall|
---------------+---------+---------+---------+---------+
c0/clkdiv_3    |    3.054|         |         |         |
clk            |    1.111|         |         |         |
---------------+---------+---------+---------+---------+

Clock to Setup on destination clock c1/ALUop[1]_GND_25_o_Mux_63_o
---------------+---------+---------+---------+---------+
               | Src:Rise| Src:Fall| Src:Rise| Src:Fall|
Source Clock   |Dest:Rise|Dest:Rise|Dest:Fall|Dest:Fall|
---------------+---------+---------+---------+---------+
clk_div<24>1   |         |         |    2.818|         |
---------------+---------+---------+---------+---------+

Clock to Setup on destination clock clk
-----------------------------+---------+---------+---------+---------+
                             | Src:Rise| Src:Fall| Src:Rise| Src:Fall|
Source Clock                 |Dest:Rise|Dest:Rise|Dest:Fall|Dest:Fall|
-----------------------------+---------+---------+---------+---------+
c1/ALUop[1]_GND_25_o_Mux_63_o|         |    4.726|         |         |
clk                          |    1.715|         |         |         |
clk_div<24>1                 |    6.852|         |         |         |
-----------------------------+---------+---------+---------+---------+

Clock to Setup on destination clock clk_div<24>1
-----------------------------+---------+---------+---------+---------+
                             | Src:Rise| Src:Fall| Src:Rise| Src:Fall|
Source Clock                 |Dest:Rise|Dest:Rise|Dest:Fall|Dest:Fall|
-----------------------------+---------+---------+---------+---------+
c1/ALUop[1]_GND_25_o_Mux_63_o|         |    5.131|         |         |
clk_div<24>1                 |    7.257|         |         |         |
-----------------------------+---------+---------+---------+---------+

=========================================================================


Total REAL time to Xst completion: 32.00 secs
Total CPU time to Xst completion: 31.43 secs
 
--> 

Total memory usage is 4678372 kilobytes

Number of errors   :    0 (   0 filtered)
Number of warnings :   50 (   0 filtered)
Number of infos    :   10 (   0 filtered)

