--------------------------------------------------------------------------------
Release 14.7 Trace  (nt64)
Copyright (c) 1995-2013 Xilinx, Inc.  All rights reserved.

C:\Xilinx\14.7\ISE_DS\ISE\bin\nt64\unwrapped\trce.exe -intstyle ise -v 3 -s 1
-n 3 -fastpaths -xml Top.twx Top.ncd -o Top.twr Top.pcf -ucf k7.ucf

Design file:              Top.ncd
Physical constraint file: Top.pcf
Device,package,speed:     xc7k160t,fbg676,C,-1 (PRODUCTION 1.10 2013-10-13)
Report level:             verbose report

Environment Variable      Effect 
--------------------      ------ 
NONE                      No environment variables were set
--------------------------------------------------------------------------------

INFO:Timing:2698 - No timing constraints found, doing default enumeration.
INFO:Timing:3412 - To improve timing, see the Timing Closure User Guide (UG612).
INFO:Timing:2752 - To get complete path coverage, use the unconstrained paths 
   option. All paths that are not constrained will be reported in the 
   unconstrained paths section(s) of the report.
INFO:Timing:3339 - The clock-to-out numbers in this timing report are based on 
   a 50 Ohm transmission line loading model.  For the details of this model, 
   and for more information on accounting for different loading conditions, 
   please see the device datasheet.



Data Sheet report:
-----------------
All values displayed in nanoseconds (ns)

Clock clk to Pad
------------+-----------------+------------+-----------------+------------+------------------+--------+
            |Max (slowest) clk|  Process   |Min (fastest) clk|  Process   |                  | Clock  |
Destination |  (edge) to PAD  |   Corner   |  (edge) to PAD  |   Corner   |Internal Clock(s) | Phase  |
------------+-----------------+------------+-----------------+------------+------------------+--------+
AN<0>       |        11.664(R)|      SLOW  |         4.424(R)|      FAST  |clk_BUFGP         |   0.000|
AN<1>       |        11.919(R)|      SLOW  |         4.525(R)|      FAST  |clk_BUFGP         |   0.000|
AN<2>       |        11.784(R)|      SLOW  |         4.459(R)|      FAST  |clk_BUFGP         |   0.000|
AN<3>       |        11.821(R)|      SLOW  |         4.468(R)|      FAST  |clk_BUFGP         |   0.000|
SEGMENT<0>  |        16.450(R)|      SLOW  |         5.609(R)|      FAST  |clk_BUFGP         |   0.000|
SEGMENT<1>  |        16.541(R)|      SLOW  |         5.701(R)|      FAST  |clk_BUFGP         |   0.000|
SEGMENT<2>  |        16.126(R)|      SLOW  |         5.634(R)|      FAST  |clk_BUFGP         |   0.000|
SEGMENT<3>  |        15.825(R)|      SLOW  |         5.403(R)|      FAST  |clk_BUFGP         |   0.000|
SEGMENT<4>  |        15.795(R)|      SLOW  |         5.491(R)|      FAST  |clk_BUFGP         |   0.000|
SEGMENT<5>  |        15.846(R)|      SLOW  |         5.373(R)|      FAST  |clk_BUFGP         |   0.000|
SEGMENT<6>  |        15.284(R)|      SLOW  |         5.417(R)|      FAST  |clk_BUFGP         |   0.000|
------------+-----------------+------------+-----------------+------------+------------------+--------+

Clock to Setup on destination clock clk
---------------+---------+---------+---------+---------+
               | Src:Rise| Src:Fall| Src:Rise| Src:Fall|
Source Clock   |Dest:Rise|Dest:Rise|Dest:Fall|Dest:Fall|
---------------+---------+---------+---------+---------+
clk            |    1.379|         |         |         |
---------------+---------+---------+---------+---------+

Pad to Pad
---------------+---------------+---------+
Source Pad     |Destination Pad|  Delay  |
---------------+---------------+---------+
SW2<0>         |SEGMENT<0>     |   14.226|
SW2<0>         |SEGMENT<1>     |   14.056|
SW2<0>         |SEGMENT<2>     |   13.641|
SW2<0>         |SEGMENT<3>     |   13.744|
SW2<0>         |SEGMENT<4>     |   13.504|
SW2<0>         |SEGMENT<5>     |   13.622|
SW2<0>         |SEGMENT<6>     |   12.825|
SW2<1>         |SEGMENT<0>     |   13.634|
SW2<1>         |SEGMENT<1>     |   13.725|
SW2<1>         |SEGMENT<2>     |   13.310|
SW2<1>         |SEGMENT<3>     |   13.009|
SW2<1>         |SEGMENT<4>     |   12.979|
SW2<1>         |SEGMENT<5>     |   13.030|
SW2<1>         |SEGMENT<6>     |   12.468|
---------------+---------------+---------+


Analysis completed Mon Nov 11 15:02:42 2019 
--------------------------------------------------------------------------------

Trace Settings:
-------------------------
Trace Settings 

Peak Memory Usage: 773 MB



