ISim log file
Running: C:\Users\HP\Desktop\MySingleCpu\Top_sim_isim_beh.exe -intstyle ise -gui -tclbatch isim.cmd -wdb C:/Users/HP/Desktop/MySingleCpu/Top_sim_isim_beh.wdb 
ISim P.20131013 (signature 0x7708f090)
This is a Full version of ISim.
Time resolution is 1 ps
# onerror resume
# wave add /
# run 1000 ns
Simulator is doing circuit initialization process.
0
Finished circuit initialization process.
0
0
0
0
0
0
0
0
0
0
0
1
0
1
0
0
x
ISim P.20131013 (signature 0x7708f090)
This is a Full version of ISim.
# run 1000 ns
Simulator is doing circuit initialization process.
0
Finished circuit initialization process.
0
0
0
0
0
0
0
0
0
0
0
1
0
1
0
0
x
